#
# A fatal error has been detected by the Java Runtime Environment:
#
#  SIGSEGV (0xb) at pc=0x00007fa542ffc470, pid=23087, tid=23123
#
# JRE version: OpenJDK Runtime Environment (11.0.4+11) (build 11.0.4+11-post-Ubuntu-1ubuntu218.04.3)
# Java VM: OpenJDK 64-Bit Server VM (11.0.4+11-post-Ubuntu-1ubuntu218.04.3, mixed mode, tiered, compressed oops, g1 gc, linux-amd64)
# Problematic frame:
# C  [libnvidia-glcore.so.430.50+0xfea470]
#
# Core dump will be written. Default location: Core dumps may be processed with "/usr/share/apport/apport %p %s %c %d %P" (or dumping to /media/leo/posidon/uranium/core.23087)
#
# If you would like to submit a bug report, please visit:
#   https://bugs.launchpad.net/ubuntu/+source/openjdk-lts
# The crash happened outside the Java Virtual Machine in native code.
# See problematic frame for where to report the bug.
#

---------------  S U M M A R Y ------------

Command Line: -javaagent:/snap/intellij-idea-community/192/lib/idea_rt.jar=39153:/snap/intellij-idea-community/192/bin -Dfile.encoding=UTF-8 posidon.uranium.main.Launcher

Host: AMD Ryzen 5 1600X Six-Core Processor, 12 cores, 15G, Ubuntu 18.04.3 LTS
Time: Sat Nov 30 16:30:30 2019 CET elapsed time: 3 seconds (0d 0h 0m 3s)

---------------  T H R E A D  ---------------

Current thread (0x00007fa5b85a2000):  JavaThread "uranium" [_thread_in_native, id=23123, stack(0x00007fa572ec9000,0x00007fa572fca000)]

Stack: [0x00007fa572ec9000,0x00007fa572fca000],  sp=0x00007fa572fc82c0,  free space=1020k
Native frames: (J=compiled Java code, A=aot compiled Java code, j=interpreted, Vv=VM code, C=native code)
C  [libnvidia-glcore.so.430.50+0xfea470]

Java frames: (J=compiled Java code, j=interpreted, Vv=VM code)
j  org.lwjgl.opengl.GL11C.nglDrawElements(IIIJ)V+0
j  org.lwjgl.opengl.GL11C.glDrawElements(IIIJ)V+4
j  org.lwjgl.opengl.GL11.glDrawElements(IIIJ)V+4
j  posidon.uranium.engine.graphics.Renderer.render()V+179
j  posidon.uranium.main.Main.render()V+7
j  posidon.uranium.main.Main.run()V+94
j  java.lang.Thread.run()V+11 java.base@11.0.4
v  ~StubRoutines::call_stub

siginfo: si_signo: 11 (SIGSEGV), si_code: 1 (SEGV_MAPERR), si_addr: 0x0000000000000000

Register to memory mapping:

RAX=0x0000000102aa7830 is an unknown value
RBX=0x0 is NULL
RCX=0x0 is NULL
RDX=0x0000000000011b80 is an unknown value
RSP=0x00007fa572fc82c0 is pointing into the stack for thread: 0x00007fa5b85a2000
RBP=0x0 is NULL
RSI=0x00007fa54081d830 points into unknown readable memory: 00 00 00 00 00 00 00 00
RDI=0x0 is NULL
R8 =0x00000000001fffe0 is an unknown value
R9 =0x0 is NULL
R10=0x0000000000011b80 is an unknown value
R11=0x0 is NULL
R12=0x00000000410c1000 points into unknown readable memory: 30 c3 16 48 a5 7f 00 00
R13=0x00007fa54081d824 points into unknown readable memory: 00 00 00 00
R14=0x00007fa5484a0f50 points into unknown readable memory: 20 17 8b 48 a5 7f 00 00
R15=0x0000000000023710 is an unknown value


Registers:
RAX=0x0000000102aa7830, RBX=0x0000000000000000, RCX=0x0000000000000000, RDX=0x0000000000011b80
RSP=0x00007fa572fc82c0, RBP=0x0000000000000000, RSI=0x00007fa54081d830, RDI=0x0000000000000000
R8 =0x00000000001fffe0, R9 =0x0000000000000000, R10=0x0000000000011b80, R11=0x0000000000000000
R12=0x00000000410c1000, R13=0x00007fa54081d824, R14=0x00007fa5484a0f50, R15=0x0000000000023710
RIP=0x00007fa542ffc470, EFLAGS=0x0000000000010246, CSGSFS=0x002b000000000033, ERR=0x0000000000000004
  TRAPNO=0x000000000000000e

Top of Stack: (sp=0x00007fa572fc82c0)
0x00007fa572fc82c0:   00000000410c1000 00007fa5483d0ec0
0x00007fa572fc82d0:   00007fa5488210b8 00000000410c1000
0x00007fa572fc82e0:   0000000400011b80 00007fa5483d0ec0
0x00007fa572fc82f0:   0000000102aa7830 00007fa572fc83b0 

Instructions: (pc=0x00007fa542ffc470)
0x00007fa542ffc370:   00 00 00 48 8b 80 38 07 00 00 48 2b 83 28 01 00
0x00007fa542ffc380:   00 4c 8d 2c 02 e9 48 fe ff ff 90 90 90 90 90 90
0x00007fa542ffc390:   41 57 41 56 41 55 41 54 49 89 fc 55 4c 89 c5 53
0x00007fa542ffc3a0:   48 89 f3 48 83 ec 48 89 54 24 24 89 4c 24 20 48
0x00007fa542ffc3b0:   8b 87 58 b0 04 00 48 89 44 24 28 48 63 c1 4c 8d
0x00007fa542ffc3c0:   7c 00 10 48 8b 44 24 28 4c 89 fa 49 89 c6 48 89
0x00007fa542ffc3d0:   70 68 48 89 c7 49 81 c6 90 00 0d 00 4c 89 f6 e8
0x00007fa542ffc3e0:   5c 4d f5 ff 48 85 c0 49 89 c5 0f 84 ab 01 00 00
0x00007fa542ffc3f0:   41 8b 9c 24 38 6c 05 00 85 db 0f 84 01 01 00 00
0x00007fa542ffc400:   44 89 e8 89 e9 44 8b 54 24 20 8d 50 0f 8d 41 0f
0x00007fa542ffc410:   48 b9 ff ff ff ff ff ff ff 3f 83 e0 f0 83 e2 f0
0x00007fa542ffc420:   29 e8 44 29 ea d1 f8 29 c2 49 63 46 28 83 e2 0f
0x00007fa542ffc430:   49 8d 74 15 00 49 8b 04 c6 48 8b 40 60 48 21 c8
0x00007fa542ffc440:   48 89 44 24 30 49 63 46 28 49 8b 14 c6 48 89 f0
0x00007fa542ffc450:   48 23 4a 60 48 2b 42 58 48 01 c8 45 85 d2 48 89
0x00007fa542ffc460:   44 24 30 74 1a 8b 54 24 20 31 c9 0f 1f 44 00 00
0x00007fa542ffc470:   8b 44 8d 00 66 89 04 4e 48 ff c1 ff ca 75 f1 49
0x00007fa542ffc480:   8b 94 24 58 b0 04 00 48 8b 72 68 48 8d 46 18 48
0x00007fa542ffc490:   3b 42 70 0f 83 9c 00 00 00 4c 03 7c 24 30 8b 44
0x00007fa542ffc4a0:   24 20 48 8d 54 24 30 44 8b 44 24 24 45 31 c9 4c
0x00007fa542ffc4b0:   89 e7 c7 44 24 10 00 00 00 00 c7 04 24 03 14 00
0x00007fa542ffc4c0:   00 89 44 24 08 4c 89 f9 e8 d3 e2 ff ff 49 8b 94
0x00007fa542ffc4d0:   24 58 b0 04 00 4c 89 f6 48 89 42 68 48 8b 7c 24
0x00007fa542ffc4e0:   28 e8 1a 45 f5 ff 49 8b 84 24 58 b0 04 00 48 8b
0x00007fa542ffc4f0:   40 68 48 83 c4 48 5b 5d 41 5c 41 5d 41 5e 41 5f
0x00007fa542ffc500:   c3 49 8b 84 24 f8 7c 05 00 80 b8 29 06 00 00 00
0x00007fa542ffc510:   75 43 44 8b 98 00 06 00 00 45 85 db 0f 84 de fe
0x00007fa542ffc520:   ff ff 48 8b 80 70 0a 00 00 48 03 a8 b0 00 00 00
0x00007fa542ffc530:   e9 cb fe ff ff 48 89 d7 be 06 00 00 00 31 d2 e8
0x00007fa542ffc540:   5c 33 f5 ff 49 8b 84 24 58 b0 04 00 48 8b 70 68
0x00007fa542ffc550:   e9 44 ff ff ff 48 8b b0 38 07 00 00 4c 89 e7 e8
0x00007fa542ffc560:   bc ed a1 ff 4c 89 e7 48 89 c6 48 89 c3 e8 fe d7 


Stack slot to memory mapping:
stack at sp + 0 slots: 0x00000000410c1000 points into unknown readable memory: 30 c3 16 48 a5 7f 00 00
stack at sp + 1 slots: 0x00007fa5483d0ec0 points into unknown readable memory: 09 00 00 00 04 14 00 00
stack at sp + 2 slots: 0x00007fa5488210b8 points into unknown readable memory: 00 00 00 00 00 00 00 00
stack at sp + 3 slots: 0x00000000410c1000 points into unknown readable memory: 30 c3 16 48 a5 7f 00 00
stack at sp + 4 slots: 0x0000000400011b80 is an unknown value
stack at sp + 5 slots: 0x00007fa5483d0ec0 points into unknown readable memory: 09 00 00 00 04 14 00 00
stack at sp + 6 slots: 0x0000000102aa7830 is an unknown value
stack at sp + 7 slots: 0x00007fa572fc83b0 is pointing into the stack for thread: 0x00007fa5b85a2000


---------------  P R O C E S S  ---------------

Threads class SMR info:
_java_thread_list=0x00007fa564146a10, length=15, elements={
0x00007fa5b8268800, 0x00007fa5b826c800, 0x00007fa5b8280000, 0x00007fa5b8282000,
0x00007fa5b8284000, 0x00007fa5b8286000, 0x00007fa5b8311800, 0x00007fa5b8558800,
0x00007fa5b855c800, 0x00007fa5b8571000, 0x00007fa5b85a2000, 0x00007fa5b8014000,
0x00007fa56c001000, 0x00007fa564144000, 0x00007fa564145000
}

Java Threads: ( => current thread )
  0x00007fa5b8268800 JavaThread "Reference Handler" daemon [_thread_blocked, id=23103, stack(0x00007fa58caf0000,0x00007fa58cbf1000)]
  0x00007fa5b826c800 JavaThread "Finalizer" daemon [_thread_blocked, id=23104, stack(0x00007fa58c9ef000,0x00007fa58caf0000)]
  0x00007fa5b8280000 JavaThread "Signal Dispatcher" daemon [_thread_blocked, id=23109, stack(0x00007fa573eff000,0x00007fa574000000)]
  0x00007fa5b8282000 JavaThread "C2 CompilerThread0" daemon [_thread_blocked, id=23110, stack(0x00007fa573dfe000,0x00007fa573eff000)]
  0x00007fa5b8284000 JavaThread "C1 CompilerThread0" daemon [_thread_blocked, id=23111, stack(0x00007fa573cfd000,0x00007fa573dfe000)]
  0x00007fa5b8286000 JavaThread "Sweeper thread" daemon [_thread_blocked, id=23112, stack(0x00007fa573bfc000,0x00007fa573cfd000)]
  0x00007fa5b8311800 JavaThread "Common-Cleaner" daemon [_thread_blocked, id=23116, stack(0x00007fa573afb000,0x00007fa573bfc000)]
  0x00007fa5b8558800 JavaThread "Monitor Ctrl-Break" daemon [_thread_in_native, id=23118, stack(0x00007fa5734d1000,0x00007fa5735d2000)]
  0x00007fa5b855c800 JavaThread "Service Thread" daemon [_thread_blocked, id=23119, stack(0x00007fa5733d0000,0x00007fa5734d1000)]
  0x00007fa5b8571000 JavaThread "unraniumClient" [_thread_in_native, id=23121, stack(0x00007fa572fca000,0x00007fa5730cb000)]
=>0x00007fa5b85a2000 JavaThread "uranium" [_thread_in_native, id=23123, stack(0x00007fa572ec9000,0x00007fa572fca000)]
  0x00007fa5b8014000 JavaThread "DestroyJavaVM" [_thread_blocked, id=23093, stack(0x00007fa5c1d01000,0x00007fa5c1e02000)]
  0x00007fa56c001000 JavaThread "Attach Listener" daemon [_thread_blocked, id=23136, stack(0x00007fa5735d2000,0x00007fa5736d3000)]
  0x00007fa564144000 JavaThread "C2 CompilerThread1" daemon [_thread_blocked, id=23431, stack(0x00007fa541001000,0x00007fa541102000)]
  0x00007fa564145000 JavaThread "C2 CompilerThread2" daemon [_thread_blocked, id=23432, stack(0x00007fa540f00000,0x00007fa541001000)]

Other Threads:
  0x00007fa5b8260000 VMThread "VM Thread" [stack: 0x00007fa58cbf3000,0x00007fa58ccf3000] [id=23102]
  0x00007fa5b855f000 WatcherThread [stack: 0x00007fa5732d0000,0x00007fa5733d0000] [id=23120]
  0x00007fa5b802a800 GCTaskThread "GC Thread#0" [stack: 0x00007fa5bdaf1000,0x00007fa5bdbf1000] [id=23094]
  0x00007fa580001000 GCTaskThread "GC Thread#1" [stack: 0x00007fa540e00000,0x00007fa540f00000] [id=23433]
  0x00007fa580002800 GCTaskThread "GC Thread#2" [stack: 0x00007fa540cfe000,0x00007fa540dfe000] [id=23434]
  0x00007fa580004800 GCTaskThread "GC Thread#3" [stack: 0x00007fa540bfc000,0x00007fa540cfc000] [id=23435]
  0x00007fa580006000 GCTaskThread "GC Thread#4" [stack: 0x00007fa540afa000,0x00007fa540bfa000] [id=23436]
  0x00007fa580008000 GCTaskThread "GC Thread#5" [stack: 0x00007fa5409f8000,0x00007fa540af8000] [id=23437]
  0x00007fa5b8089000 ConcurrentGCThread "G1 Main Marker" [stack: 0x00007fa5a0081000,0x00007fa5a0181000] [id=23095]
  0x00007fa5b808b000 ConcurrentGCThread "G1 Conc#0" [stack: 0x00007fa5941b0000,0x00007fa5942b0000] [id=23096]
  0x00007fa5b8194800 ConcurrentGCThread "G1 Refine#0" [stack: 0x00007fa58d5f7000,0x00007fa58d6f7000] [id=23097]
  0x00007fa5b8196800 ConcurrentGCThread "G1 Young RemSet Sampling" [stack: 0x00007fa58d4f5000,0x00007fa58d5f5000] [id=23098]

Threads with active compile tasks:

VM state:not at safepoint (normal execution)

VM Mutex/Monitor currently owned by a thread: None

Heap address: 0x0000000705600000, size: 4010 MB, Compressed Oops mode: Zero based, Oop shift amount: 3
Narrow klass base: 0x0000000800000000, Narrow klass shift: 0
Compressed class space size: 1073741824 Address: 0x0000000800000000

Heap:
 garbage-first heap   total 258048K, used 15493K [0x0000000705600000, 0x0000000800000000)
  region size 1024K, 16 young (16384K), 3 survivors (3072K)
 Metaspace       used 14020K, capacity 14240K, committed 14592K, reserved 1062912K
  class space    used 1078K, capacity 1162K, committed 1280K, reserved 1048576K
Heap Regions: E=young(eden), S=young(survivor), O=old, HS=humongous(starts), HC=humongous(continues), CS=collection set, F=free, A=archive, TAMS=top-at-mark-start (previous, next)
|   0|0x0000000705600000, 0x0000000705700000, 0x0000000705700000|100%| O|  |TAMS 0x0000000705600000, 0x0000000705600000| Untracked 
|   1|0x0000000705700000, 0x0000000705721400, 0x0000000705800000| 12%| O|  |TAMS 0x0000000705700000, 0x0000000705700000| Untracked 
|   2|0x0000000705800000, 0x0000000705800000, 0x0000000705900000|  0%| F|  |TAMS 0x0000000705800000, 0x0000000705800000| Untracked 
|   3|0x0000000705900000, 0x0000000705900000, 0x0000000705a00000|  0%| F|  |TAMS 0x0000000705900000, 0x0000000705900000| Untracked 
|   4|0x0000000705a00000, 0x0000000705a00000, 0x0000000705b00000|  0%| F|  |TAMS 0x0000000705a00000, 0x0000000705a00000| Untracked 
|   5|0x0000000705b00000, 0x0000000705b00000, 0x0000000705c00000|  0%| F|  |TAMS 0x0000000705b00000, 0x0000000705b00000| Untracked 
|   6|0x0000000705c00000, 0x0000000705c00000, 0x0000000705d00000|  0%| F|  |TAMS 0x0000000705c00000, 0x0000000705c00000| Untracked 
|   7|0x0000000705d00000, 0x0000000705d00000, 0x0000000705e00000|  0%| F|  |TAMS 0x0000000705d00000, 0x0000000705d00000| Untracked 
|   8|0x0000000705e00000, 0x0000000705e00000, 0x0000000705f00000|  0%| F|  |TAMS 0x0000000705e00000, 0x0000000705e00000| Untracked 
|   9|0x0000000705f00000, 0x0000000705f00000, 0x0000000706000000|  0%| F|  |TAMS 0x0000000705f00000, 0x0000000705f00000| Untracked 
|  10|0x0000000706000000, 0x0000000706000000, 0x0000000706100000|  0%| F|  |TAMS 0x0000000706000000, 0x0000000706000000| Untracked 
|  11|0x0000000706100000, 0x0000000706100000, 0x0000000706200000|  0%| F|  |TAMS 0x0000000706100000, 0x0000000706100000| Untracked 
|  12|0x0000000706200000, 0x0000000706200000, 0x0000000706300000|  0%| F|  |TAMS 0x0000000706200000, 0x0000000706200000| Untracked 
|  13|0x0000000706300000, 0x0000000706300000, 0x0000000706400000|  0%| F|  |TAMS 0x0000000706300000, 0x0000000706300000| Untracked 
|  14|0x0000000706400000, 0x0000000706400000, 0x0000000706500000|  0%| F|  |TAMS 0x0000000706400000, 0x0000000706400000| Untracked 
|  15|0x0000000706500000, 0x0000000706500000, 0x0000000706600000|  0%| F|  |TAMS 0x0000000706500000, 0x0000000706500000| Untracked 
|  16|0x0000000706600000, 0x0000000706600000, 0x0000000706700000|  0%| F|  |TAMS 0x0000000706600000, 0x0000000706600000| Untracked 
|  17|0x0000000706700000, 0x0000000706700000, 0x0000000706800000|  0%| F|  |TAMS 0x0000000706700000, 0x0000000706700000| Untracked 
|  18|0x0000000706800000, 0x0000000706800000, 0x0000000706900000|  0%| F|  |TAMS 0x0000000706800000, 0x0000000706800000| Untracked 
|  19|0x0000000706900000, 0x0000000706900000, 0x0000000706a00000|  0%| F|  |TAMS 0x0000000706900000, 0x0000000706900000| Untracked 
|  20|0x0000000706a00000, 0x0000000706a00000, 0x0000000706b00000|  0%| F|  |TAMS 0x0000000706a00000, 0x0000000706a00000| Untracked 
|  21|0x0000000706b00000, 0x0000000706b00000, 0x0000000706c00000|  0%| F|  |TAMS 0x0000000706b00000, 0x0000000706b00000| Untracked 
|  22|0x0000000706c00000, 0x0000000706c00000, 0x0000000706d00000|  0%| F|  |TAMS 0x0000000706c00000, 0x0000000706c00000| Untracked 
|  23|0x0000000706d00000, 0x0000000706d00000, 0x0000000706e00000|  0%| F|  |TAMS 0x0000000706d00000, 0x0000000706d00000| Untracked 
|  24|0x0000000706e00000, 0x0000000706e00000, 0x0000000706f00000|  0%| F|  |TAMS 0x0000000706e00000, 0x0000000706e00000| Untracked 
|  25|0x0000000706f00000, 0x0000000706f00000, 0x0000000707000000|  0%| F|  |TAMS 0x0000000706f00000, 0x0000000706f00000| Untracked 
|  26|0x0000000707000000, 0x0000000707000000, 0x0000000707100000|  0%| F|  |TAMS 0x0000000707000000, 0x0000000707000000| Untracked 
|  27|0x0000000707100000, 0x0000000707100000, 0x0000000707200000|  0%| F|  |TAMS 0x0000000707100000, 0x0000000707100000| Untracked 
|  28|0x0000000707200000, 0x0000000707200000, 0x0000000707300000|  0%| F|  |TAMS 0x0000000707200000, 0x0000000707200000| Untracked 
|  29|0x0000000707300000, 0x0000000707300000, 0x0000000707400000|  0%| F|  |TAMS 0x0000000707300000, 0x0000000707300000| Untracked 
|  30|0x0000000707400000, 0x0000000707400000, 0x0000000707500000|  0%| F|  |TAMS 0x0000000707400000, 0x0000000707400000| Untracked 
|  31|0x0000000707500000, 0x0000000707500000, 0x0000000707600000|  0%| F|  |TAMS 0x0000000707500000, 0x0000000707500000| Untracked 
|  32|0x0000000707600000, 0x0000000707600000, 0x0000000707700000|  0%| F|  |TAMS 0x0000000707600000, 0x0000000707600000| Untracked 
|  33|0x0000000707700000, 0x0000000707700000, 0x0000000707800000|  0%| F|  |TAMS 0x0000000707700000, 0x0000000707700000| Untracked 
|  34|0x0000000707800000, 0x0000000707800000, 0x0000000707900000|  0%| F|  |TAMS 0x0000000707800000, 0x0000000707800000| Untracked 
|  35|0x0000000707900000, 0x0000000707900000, 0x0000000707a00000|  0%| F|  |TAMS 0x0000000707900000, 0x0000000707900000| Untracked 
|  36|0x0000000707a00000, 0x0000000707a00000, 0x0000000707b00000|  0%| F|  |TAMS 0x0000000707a00000, 0x0000000707a00000| Untracked 
|  37|0x0000000707b00000, 0x0000000707b00000, 0x0000000707c00000|  0%| F|  |TAMS 0x0000000707b00000, 0x0000000707b00000| Untracked 
|  38|0x0000000707c00000, 0x0000000707c00000, 0x0000000707d00000|  0%| F|  |TAMS 0x0000000707c00000, 0x0000000707c00000| Untracked 
|  39|0x0000000707d00000, 0x0000000707d00000, 0x0000000707e00000|  0%| F|  |TAMS 0x0000000707d00000, 0x0000000707d00000| Untracked 
|  40|0x0000000707e00000, 0x0000000707e00000, 0x0000000707f00000|  0%| F|  |TAMS 0x0000000707e00000, 0x0000000707e00000| Untracked 
|  41|0x0000000707f00000, 0x0000000707f00000, 0x0000000708000000|  0%| F|  |TAMS 0x0000000707f00000, 0x0000000707f00000| Untracked 
|  42|0x0000000708000000, 0x0000000708000000, 0x0000000708100000|  0%| F|  |TAMS 0x0000000708000000, 0x0000000708000000| Untracked 
|  43|0x0000000708100000, 0x0000000708100000, 0x0000000708200000|  0%| F|  |TAMS 0x0000000708100000, 0x0000000708100000| Untracked 
|  44|0x0000000708200000, 0x0000000708200000, 0x0000000708300000|  0%| F|  |TAMS 0x0000000708200000, 0x0000000708200000| Untracked 
|  45|0x0000000708300000, 0x0000000708300000, 0x0000000708400000|  0%| F|  |TAMS 0x0000000708300000, 0x0000000708300000| Untracked 
|  46|0x0000000708400000, 0x0000000708400000, 0x0000000708500000|  0%| F|  |TAMS 0x0000000708400000, 0x0000000708400000| Untracked 
|  47|0x0000000708500000, 0x0000000708500000, 0x0000000708600000|  0%| F|  |TAMS 0x0000000708500000, 0x0000000708500000| Untracked 
|  48|0x0000000708600000, 0x0000000708600000, 0x0000000708700000|  0%| F|  |TAMS 0x0000000708600000, 0x0000000708600000| Untracked 
|  49|0x0000000708700000, 0x0000000708700000, 0x0000000708800000|  0%| F|  |TAMS 0x0000000708700000, 0x0000000708700000| Untracked 
|  50|0x0000000708800000, 0x0000000708800000, 0x0000000708900000|  0%| F|  |TAMS 0x0000000708800000, 0x0000000708800000| Untracked 
|  51|0x0000000708900000, 0x0000000708900000, 0x0000000708a00000|  0%| F|  |TAMS 0x0000000708900000, 0x0000000708900000| Untracked 
|  52|0x0000000708a00000, 0x0000000708a00000, 0x0000000708b00000|  0%| F|  |TAMS 0x0000000708a00000, 0x0000000708a00000| Untracked 
|  53|0x0000000708b00000, 0x0000000708b00000, 0x0000000708c00000|  0%| F|  |TAMS 0x0000000708b00000, 0x0000000708b00000| Untracked 
|  54|0x0000000708c00000, 0x0000000708c00000, 0x0000000708d00000|  0%| F|  |TAMS 0x0000000708c00000, 0x0000000708c00000| Untracked 
|  55|0x0000000708d00000, 0x0000000708d00000, 0x0000000708e00000|  0%| F|  |TAMS 0x0000000708d00000, 0x0000000708d00000| Untracked 
|  56|0x0000000708e00000, 0x0000000708e00000, 0x0000000708f00000|  0%| F|  |TAMS 0x0000000708e00000, 0x0000000708e00000| Untracked 
|  57|0x0000000708f00000, 0x0000000708f00000, 0x0000000709000000|  0%| F|  |TAMS 0x0000000708f00000, 0x0000000708f00000| Untracked 
|  58|0x0000000709000000, 0x0000000709000000, 0x0000000709100000|  0%| F|  |TAMS 0x0000000709000000, 0x0000000709000000| Untracked 
|  59|0x0000000709100000, 0x0000000709100000, 0x0000000709200000|  0%| F|  |TAMS 0x0000000709100000, 0x0000000709100000| Untracked 
|  60|0x0000000709200000, 0x0000000709200000, 0x0000000709300000|  0%| F|  |TAMS 0x0000000709200000, 0x0000000709200000| Untracked 
|  61|0x0000000709300000, 0x0000000709300000, 0x0000000709400000|  0%| F|  |TAMS 0x0000000709300000, 0x0000000709300000| Untracked 
|  62|0x0000000709400000, 0x0000000709400000, 0x0000000709500000|  0%| F|  |TAMS 0x0000000709400000, 0x0000000709400000| Untracked 
|  63|0x0000000709500000, 0x0000000709500000, 0x0000000709600000|  0%| F|  |TAMS 0x0000000709500000, 0x0000000709500000| Untracked 
|  64|0x0000000709600000, 0x0000000709600000, 0x0000000709700000|  0%| F|  |TAMS 0x0000000709600000, 0x0000000709600000| Untracked 
|  65|0x0000000709700000, 0x0000000709700000, 0x0000000709800000|  0%| F|  |TAMS 0x0000000709700000, 0x0000000709700000| Untracked 
|  66|0x0000000709800000, 0x0000000709800000, 0x0000000709900000|  0%| F|  |TAMS 0x0000000709800000, 0x0000000709800000| Untracked 
|  67|0x0000000709900000, 0x0000000709900000, 0x0000000709a00000|  0%| F|  |TAMS 0x0000000709900000, 0x0000000709900000| Untracked 
|  68|0x0000000709a00000, 0x0000000709a00000, 0x0000000709b00000|  0%| F|  |TAMS 0x0000000709a00000, 0x0000000709a00000| Untracked 
|  69|0x0000000709b00000, 0x0000000709b00000, 0x0000000709c00000|  0%| F|  |TAMS 0x0000000709b00000, 0x0000000709b00000| Untracked 
|  70|0x0000000709c00000, 0x0000000709c00000, 0x0000000709d00000|  0%| F|  |TAMS 0x0000000709c00000, 0x0000000709c00000| Untracked 
|  71|0x0000000709d00000, 0x0000000709d00000, 0x0000000709e00000|  0%| F|  |TAMS 0x0000000709d00000, 0x0000000709d00000| Untracked 
|  72|0x0000000709e00000, 0x0000000709e00000, 0x0000000709f00000|  0%| F|  |TAMS 0x0000000709e00000, 0x0000000709e00000| Untracked 
|  73|0x0000000709f00000, 0x0000000709f00000, 0x000000070a000000|  0%| F|  |TAMS 0x0000000709f00000, 0x0000000709f00000| Untracked 
|  74|0x000000070a000000, 0x000000070a000000, 0x000000070a100000|  0%| F|  |TAMS 0x000000070a000000, 0x000000070a000000| Untracked 
|  75|0x000000070a100000, 0x000000070a100000, 0x000000070a200000|  0%| F|  |TAMS 0x000000070a100000, 0x000000070a100000| Untracked 
|  76|0x000000070a200000, 0x000000070a200000, 0x000000070a300000|  0%| F|  |TAMS 0x000000070a200000, 0x000000070a200000| Untracked 
|  77|0x000000070a300000, 0x000000070a300000, 0x000000070a400000|  0%| F|  |TAMS 0x000000070a300000, 0x000000070a300000| Untracked 
|  78|0x000000070a400000, 0x000000070a400000, 0x000000070a500000|  0%| F|  |TAMS 0x000000070a400000, 0x000000070a400000| Untracked 
|  79|0x000000070a500000, 0x000000070a500000, 0x000000070a600000|  0%| F|  |TAMS 0x000000070a500000, 0x000000070a500000| Untracked 
|  80|0x000000070a600000, 0x000000070a600000, 0x000000070a700000|  0%| F|  |TAMS 0x000000070a600000, 0x000000070a600000| Untracked 
|  81|0x000000070a700000, 0x000000070a700000, 0x000000070a800000|  0%| F|  |TAMS 0x000000070a700000, 0x000000070a700000| Untracked 
|  82|0x000000070a800000, 0x000000070a800000, 0x000000070a900000|  0%| F|  |TAMS 0x000000070a800000, 0x000000070a800000| Untracked 
|  83|0x000000070a900000, 0x000000070a900000, 0x000000070aa00000|  0%| F|  |TAMS 0x000000070a900000, 0x000000070a900000| Untracked 
|  84|0x000000070aa00000, 0x000000070aa00000, 0x000000070ab00000|  0%| F|  |TAMS 0x000000070aa00000, 0x000000070aa00000| Untracked 
|  85|0x000000070ab00000, 0x000000070ab00000, 0x000000070ac00000|  0%| F|  |TAMS 0x000000070ab00000, 0x000000070ab00000| Untracked 
|  86|0x000000070ac00000, 0x000000070ac00000, 0x000000070ad00000|  0%| F|  |TAMS 0x000000070ac00000, 0x000000070ac00000| Untracked 
|  87|0x000000070ad00000, 0x000000070ad00000, 0x000000070ae00000|  0%| F|  |TAMS 0x000000070ad00000, 0x000000070ad00000| Untracked 
|  88|0x000000070ae00000, 0x000000070ae00000, 0x000000070af00000|  0%| F|  |TAMS 0x000000070ae00000, 0x000000070ae00000| Untracked 
|  89|0x000000070af00000, 0x000000070af00000, 0x000000070b000000|  0%| F|  |TAMS 0x000000070af00000, 0x000000070af00000| Untracked 
|  90|0x000000070b000000, 0x000000070b000000, 0x000000070b100000|  0%| F|  |TAMS 0x000000070b000000, 0x000000070b000000| Untracked 
|  91|0x000000070b100000, 0x000000070b100000, 0x000000070b200000|  0%| F|  |TAMS 0x000000070b100000, 0x000000070b100000| Untracked 
|  92|0x000000070b200000, 0x000000070b200000, 0x000000070b300000|  0%| F|  |TAMS 0x000000070b200000, 0x000000070b200000| Untracked 
|  93|0x000000070b300000, 0x000000070b300000, 0x000000070b400000|  0%| F|  |TAMS 0x000000070b300000, 0x000000070b300000| Untracked 
|  94|0x000000070b400000, 0x000000070b400000, 0x000000070b500000|  0%| F|  |TAMS 0x000000070b400000, 0x000000070b400000| Untracked 
|  95|0x000000070b500000, 0x000000070b500000, 0x000000070b600000|  0%| F|  |TAMS 0x000000070b500000, 0x000000070b500000| Untracked 
|  96|0x000000070b600000, 0x000000070b600000, 0x000000070b700000|  0%| F|  |TAMS 0x000000070b600000, 0x000000070b600000| Untracked 
|  97|0x000000070b700000, 0x000000070b700000, 0x000000070b800000|  0%| F|  |TAMS 0x000000070b700000, 0x000000070b700000| Untracked 
|  98|0x000000070b800000, 0x000000070b800000, 0x000000070b900000|  0%| F|  |TAMS 0x000000070b800000, 0x000000070b800000| Untracked 
|  99|0x000000070b900000, 0x000000070b900000, 0x000000070ba00000|  0%| F|  |TAMS 0x000000070b900000, 0x000000070b900000| Untracked 
| 100|0x000000070ba00000, 0x000000070ba00000, 0x000000070bb00000|  0%| F|  |TAMS 0x000000070ba00000, 0x000000070ba00000| Untracked 
| 101|0x000000070bb00000, 0x000000070bb00000, 0x000000070bc00000|  0%| F|  |TAMS 0x000000070bb00000, 0x000000070bb00000| Untracked 
| 102|0x000000070bc00000, 0x000000070bc00000, 0x000000070bd00000|  0%| F|  |TAMS 0x000000070bc00000, 0x000000070bc00000| Untracked 
| 103|0x000000070bd00000, 0x000000070bd00000, 0x000000070be00000|  0%| F|  |TAMS 0x000000070bd00000, 0x000000070bd00000| Untracked 
| 104|0x000000070be00000, 0x000000070be00000, 0x000000070bf00000|  0%| F|  |TAMS 0x000000070be00000, 0x000000070be00000| Untracked 
| 105|0x000000070bf00000, 0x000000070bf00000, 0x000000070c000000|  0%| F|  |TAMS 0x000000070bf00000, 0x000000070bf00000| Untracked 
| 106|0x000000070c000000, 0x000000070c000000, 0x000000070c100000|  0%| F|  |TAMS 0x000000070c000000, 0x000000070c000000| Untracked 
| 107|0x000000070c100000, 0x000000070c100000, 0x000000070c200000|  0%| F|  |TAMS 0x000000070c100000, 0x000000070c100000| Untracked 
| 108|0x000000070c200000, 0x000000070c200000, 0x000000070c300000|  0%| F|  |TAMS 0x000000070c200000, 0x000000070c200000| Untracked 
| 109|0x000000070c300000, 0x000000070c300000, 0x000000070c400000|  0%| F|  |TAMS 0x000000070c300000, 0x000000070c300000| Untracked 
| 110|0x000000070c400000, 0x000000070c400000, 0x000000070c500000|  0%| F|  |TAMS 0x000000070c400000, 0x000000070c400000| Untracked 
| 111|0x000000070c500000, 0x000000070c500000, 0x000000070c600000|  0%| F|  |TAMS 0x000000070c500000, 0x000000070c500000| Untracked 
| 112|0x000000070c600000, 0x000000070c600000, 0x000000070c700000|  0%| F|  |TAMS 0x000000070c600000, 0x000000070c600000| Untracked 
| 113|0x000000070c700000, 0x000000070c700000, 0x000000070c800000|  0%| F|  |TAMS 0x000000070c700000, 0x000000070c700000| Untracked 
| 114|0x000000070c800000, 0x000000070c800000, 0x000000070c900000|  0%| F|  |TAMS 0x000000070c800000, 0x000000070c800000| Untracked 
| 115|0x000000070c900000, 0x000000070c900000, 0x000000070ca00000|  0%| F|  |TAMS 0x000000070c900000, 0x000000070c900000| Untracked 
| 116|0x000000070ca00000, 0x000000070ca00000, 0x000000070cb00000|  0%| F|  |TAMS 0x000000070ca00000, 0x000000070ca00000| Untracked 
| 117|0x000000070cb00000, 0x000000070cb00000, 0x000000070cc00000|  0%| F|  |TAMS 0x000000070cb00000, 0x000000070cb00000| Untracked 
| 118|0x000000070cc00000, 0x000000070cc00000, 0x000000070cd00000|  0%| F|  |TAMS 0x000000070cc00000, 0x000000070cc00000| Untracked 
| 119|0x000000070cd00000, 0x000000070cd00000, 0x000000070ce00000|  0%| F|  |TAMS 0x000000070cd00000, 0x000000070cd00000| Untracked 
| 120|0x000000070ce00000, 0x000000070ce00000, 0x000000070cf00000|  0%| F|  |TAMS 0x000000070ce00000, 0x000000070ce00000| Untracked 
| 121|0x000000070cf00000, 0x000000070cf00000, 0x000000070d000000|  0%| F|  |TAMS 0x000000070cf00000, 0x000000070cf00000| Untracked 
| 122|0x000000070d000000, 0x000000070d000000, 0x000000070d100000|  0%| F|  |TAMS 0x000000070d000000, 0x000000070d000000| Untracked 
| 123|0x000000070d100000, 0x000000070d100000, 0x000000070d200000|  0%| F|  |TAMS 0x000000070d100000, 0x000000070d100000| Untracked 
| 124|0x000000070d200000, 0x000000070d200000, 0x000000070d300000|  0%| F|  |TAMS 0x000000070d200000, 0x000000070d200000| Untracked 
| 125|0x000000070d300000, 0x000000070d300000, 0x000000070d400000|  0%| F|  |TAMS 0x000000070d300000, 0x000000070d300000| Untracked 
| 126|0x000000070d400000, 0x000000070d400000, 0x000000070d500000|  0%| F|  |TAMS 0x000000070d400000, 0x000000070d400000| Untracked 
| 127|0x000000070d500000, 0x000000070d500000, 0x000000070d600000|  0%| F|  |TAMS 0x000000070d500000, 0x000000070d500000| Untracked 
| 128|0x000000070d600000, 0x000000070d600000, 0x000000070d700000|  0%| F|  |TAMS 0x000000070d600000, 0x000000070d600000| Untracked 
| 129|0x000000070d700000, 0x000000070d700000, 0x000000070d800000|  0%| F|  |TAMS 0x000000070d700000, 0x000000070d700000| Untracked 
| 130|0x000000070d800000, 0x000000070d800000, 0x000000070d900000|  0%| F|  |TAMS 0x000000070d800000, 0x000000070d800000| Untracked 
| 131|0x000000070d900000, 0x000000070d900000, 0x000000070da00000|  0%| F|  |TAMS 0x000000070d900000, 0x000000070d900000| Untracked 
| 132|0x000000070da00000, 0x000000070da00000, 0x000000070db00000|  0%| F|  |TAMS 0x000000070da00000, 0x000000070da00000| Untracked 
| 133|0x000000070db00000, 0x000000070db00000, 0x000000070dc00000|  0%| F|  |TAMS 0x000000070db00000, 0x000000070db00000| Untracked 
| 134|0x000000070dc00000, 0x000000070dc00000, 0x000000070dd00000|  0%| F|  |TAMS 0x000000070dc00000, 0x000000070dc00000| Untracked 
| 135|0x000000070dd00000, 0x000000070dd00000, 0x000000070de00000|  0%| F|  |TAMS 0x000000070dd00000, 0x000000070dd00000| Untracked 
| 136|0x000000070de00000, 0x000000070de00000, 0x000000070df00000|  0%| F|  |TAMS 0x000000070de00000, 0x000000070de00000| Untracked 
| 137|0x000000070df00000, 0x000000070df00000, 0x000000070e000000|  0%| F|  |TAMS 0x000000070df00000, 0x000000070df00000| Untracked 
| 138|0x000000070e000000, 0x000000070e000000, 0x000000070e100000|  0%| F|  |TAMS 0x000000070e000000, 0x000000070e000000| Untracked 
| 139|0x000000070e100000, 0x000000070e100000, 0x000000070e200000|  0%| F|  |TAMS 0x000000070e100000, 0x000000070e100000| Untracked 
| 140|0x000000070e200000, 0x000000070e200000, 0x000000070e300000|  0%| F|  |TAMS 0x000000070e200000, 0x000000070e200000| Untracked 
| 141|0x000000070e300000, 0x000000070e300000, 0x000000070e400000|  0%| F|  |TAMS 0x000000070e300000, 0x000000070e300000| Untracked 
| 142|0x000000070e400000, 0x000000070e400000, 0x000000070e500000|  0%| F|  |TAMS 0x000000070e400000, 0x000000070e400000| Untracked 
| 143|0x000000070e500000, 0x000000070e500000, 0x000000070e600000|  0%| F|  |TAMS 0x000000070e500000, 0x000000070e500000| Untracked 
| 144|0x000000070e600000, 0x000000070e600000, 0x000000070e700000|  0%| F|  |TAMS 0x000000070e600000, 0x000000070e600000| Untracked 
| 145|0x000000070e700000, 0x000000070e700000, 0x000000070e800000|  0%| F|  |TAMS 0x000000070e700000, 0x000000070e700000| Untracked 
| 146|0x000000070e800000, 0x000000070e800000, 0x000000070e900000|  0%| F|  |TAMS 0x000000070e800000, 0x000000070e800000| Untracked 
| 147|0x000000070e900000, 0x000000070e900000, 0x000000070ea00000|  0%| F|  |TAMS 0x000000070e900000, 0x000000070e900000| Untracked 
| 148|0x000000070ea00000, 0x000000070ea00000, 0x000000070eb00000|  0%| F|  |TAMS 0x000000070ea00000, 0x000000070ea00000| Untracked 
| 149|0x000000070eb00000, 0x000000070eb00000, 0x000000070ec00000|  0%| F|  |TAMS 0x000000070eb00000, 0x000000070eb00000| Untracked 
| 150|0x000000070ec00000, 0x000000070ec00000, 0x000000070ed00000|  0%| F|  |TAMS 0x000000070ec00000, 0x000000070ec00000| Untracked 
| 151|0x000000070ed00000, 0x000000070ed00000, 0x000000070ee00000|  0%| F|  |TAMS 0x000000070ed00000, 0x000000070ed00000| Untracked 
| 152|0x000000070ee00000, 0x000000070ee00000, 0x000000070ef00000|  0%| F|  |TAMS 0x000000070ee00000, 0x000000070ee00000| Untracked 
| 153|0x000000070ef00000, 0x000000070ef00000, 0x000000070f000000|  0%| F|  |TAMS 0x000000070ef00000, 0x000000070ef00000| Untracked 
| 154|0x000000070f000000, 0x000000070f000000, 0x000000070f100000|  0%| F|  |TAMS 0x000000070f000000, 0x000000070f000000| Untracked 
| 155|0x000000070f100000, 0x000000070f100000, 0x000000070f200000|  0%| F|  |TAMS 0x000000070f100000, 0x000000070f100000| Untracked 
| 156|0x000000070f200000, 0x000000070f200000, 0x000000070f300000|  0%| F|  |TAMS 0x000000070f200000, 0x000000070f200000| Untracked 
| 157|0x000000070f300000, 0x000000070f300000, 0x000000070f400000|  0%| F|  |TAMS 0x000000070f300000, 0x000000070f300000| Untracked 
| 158|0x000000070f400000, 0x000000070f400000, 0x000000070f500000|  0%| F|  |TAMS 0x000000070f400000, 0x000000070f400000| Untracked 
| 159|0x000000070f500000, 0x000000070f500000, 0x000000070f600000|  0%| F|  |TAMS 0x000000070f500000, 0x000000070f500000| Untracked 
| 160|0x000000070f600000, 0x000000070f600000, 0x000000070f700000|  0%| F|  |TAMS 0x000000070f600000, 0x000000070f600000| Untracked 
| 161|0x000000070f700000, 0x000000070f700000, 0x000000070f800000|  0%| F|  |TAMS 0x000000070f700000, 0x000000070f700000| Untracked 
| 162|0x000000070f800000, 0x000000070f800000, 0x000000070f900000|  0%| F|  |TAMS 0x000000070f800000, 0x000000070f800000| Untracked 
| 163|0x000000070f900000, 0x000000070f900000, 0x000000070fa00000|  0%| F|  |TAMS 0x000000070f900000, 0x000000070f900000| Untracked 
| 164|0x000000070fa00000, 0x000000070fa00000, 0x000000070fb00000|  0%| F|  |TAMS 0x000000070fa00000, 0x000000070fa00000| Untracked 
| 165|0x000000070fb00000, 0x000000070fb00000, 0x000000070fc00000|  0%| F|  |TAMS 0x000000070fb00000, 0x000000070fb00000| Untracked 
| 166|0x000000070fc00000, 0x000000070fc00000, 0x000000070fd00000|  0%| F|  |TAMS 0x000000070fc00000, 0x000000070fc00000| Untracked 
| 167|0x000000070fd00000, 0x000000070fd00000, 0x000000070fe00000|  0%| F|  |TAMS 0x000000070fd00000, 0x000000070fd00000| Untracked 
| 168|0x000000070fe00000, 0x000000070fe00000, 0x000000070ff00000|  0%| F|  |TAMS 0x000000070fe00000, 0x000000070fe00000| Untracked 
| 169|0x000000070ff00000, 0x000000070ff00000, 0x0000000710000000|  0%| F|  |TAMS 0x000000070ff00000, 0x000000070ff00000| Untracked 
| 170|0x0000000710000000, 0x0000000710000000, 0x0000000710100000|  0%| F|  |TAMS 0x0000000710000000, 0x0000000710000000| Untracked 
| 171|0x0000000710100000, 0x0000000710100000, 0x0000000710200000|  0%| F|  |TAMS 0x0000000710100000, 0x0000000710100000| Untracked 
| 172|0x0000000710200000, 0x0000000710200000, 0x0000000710300000|  0%| F|  |TAMS 0x0000000710200000, 0x0000000710200000| Untracked 
| 173|0x0000000710300000, 0x0000000710300000, 0x0000000710400000|  0%| F|  |TAMS 0x0000000710300000, 0x0000000710300000| Untracked 
| 174|0x0000000710400000, 0x0000000710400000, 0x0000000710500000|  0%| F|  |TAMS 0x0000000710400000, 0x0000000710400000| Untracked 
| 175|0x0000000710500000, 0x0000000710500000, 0x0000000710600000|  0%| F|  |TAMS 0x0000000710500000, 0x0000000710500000| Untracked 
| 176|0x0000000710600000, 0x0000000710600000, 0x0000000710700000|  0%| F|  |TAMS 0x0000000710600000, 0x0000000710600000| Untracked 
| 177|0x0000000710700000, 0x0000000710700000, 0x0000000710800000|  0%| F|  |TAMS 0x0000000710700000, 0x0000000710700000| Untracked 
| 178|0x0000000710800000, 0x0000000710800000, 0x0000000710900000|  0%| F|  |TAMS 0x0000000710800000, 0x0000000710800000| Untracked 
| 179|0x0000000710900000, 0x0000000710900000, 0x0000000710a00000|  0%| F|  |TAMS 0x0000000710900000, 0x0000000710900000| Untracked 
| 180|0x0000000710a00000, 0x0000000710a00000, 0x0000000710b00000|  0%| F|  |TAMS 0x0000000710a00000, 0x0000000710a00000| Untracked 
| 181|0x0000000710b00000, 0x0000000710b00000, 0x0000000710c00000|  0%| F|  |TAMS 0x0000000710b00000, 0x0000000710b00000| Untracked 
| 182|0x0000000710c00000, 0x0000000710c00000, 0x0000000710d00000|  0%| F|  |TAMS 0x0000000710c00000, 0x0000000710c00000| Untracked 
| 183|0x0000000710d00000, 0x0000000710d00000, 0x0000000710e00000|  0%| F|  |TAMS 0x0000000710d00000, 0x0000000710d00000| Untracked 
| 184|0x0000000710e00000, 0x0000000710e00000, 0x0000000710f00000|  0%| F|  |TAMS 0x0000000710e00000, 0x0000000710e00000| Untracked 
| 185|0x0000000710f00000, 0x0000000710f00000, 0x0000000711000000|  0%| F|  |TAMS 0x0000000710f00000, 0x0000000710f00000| Untracked 
| 186|0x0000000711000000, 0x0000000711000000, 0x0000000711100000|  0%| F|  |TAMS 0x0000000711000000, 0x0000000711000000| Untracked 
| 187|0x0000000711100000, 0x0000000711100000, 0x0000000711200000|  0%| F|  |TAMS 0x0000000711100000, 0x0000000711100000| Untracked 
| 188|0x0000000711200000, 0x0000000711200000, 0x0000000711300000|  0%| F|  |TAMS 0x0000000711200000, 0x0000000711200000| Untracked 
| 189|0x0000000711300000, 0x0000000711300000, 0x0000000711400000|  0%| F|  |TAMS 0x0000000711300000, 0x0000000711300000| Untracked 
| 190|0x0000000711400000, 0x0000000711400000, 0x0000000711500000|  0%| F|  |TAMS 0x0000000711400000, 0x0000000711400000| Untracked 
| 191|0x0000000711500000, 0x0000000711500000, 0x0000000711600000|  0%| F|  |TAMS 0x0000000711500000, 0x0000000711500000| Untracked 
| 192|0x0000000711600000, 0x0000000711600000, 0x0000000711700000|  0%| F|  |TAMS 0x0000000711600000, 0x0000000711600000| Untracked 
| 193|0x0000000711700000, 0x0000000711700000, 0x0000000711800000|  0%| F|  |TAMS 0x0000000711700000, 0x0000000711700000| Untracked 
| 194|0x0000000711800000, 0x0000000711800000, 0x0000000711900000|  0%| F|  |TAMS 0x0000000711800000, 0x0000000711800000| Untracked 
| 195|0x0000000711900000, 0x0000000711900000, 0x0000000711a00000|  0%| F|  |TAMS 0x0000000711900000, 0x0000000711900000| Untracked 
| 196|0x0000000711a00000, 0x0000000711a00000, 0x0000000711b00000|  0%| F|  |TAMS 0x0000000711a00000, 0x0000000711a00000| Untracked 
| 197|0x0000000711b00000, 0x0000000711b00000, 0x0000000711c00000|  0%| F|  |TAMS 0x0000000711b00000, 0x0000000711b00000| Untracked 
| 198|0x0000000711c00000, 0x0000000711c00000, 0x0000000711d00000|  0%| F|  |TAMS 0x0000000711c00000, 0x0000000711c00000| Untracked 
| 199|0x0000000711d00000, 0x0000000711d00000, 0x0000000711e00000|  0%| F|  |TAMS 0x0000000711d00000, 0x0000000711d00000| Untracked 
| 200|0x0000000711e00000, 0x0000000711e00000, 0x0000000711f00000|  0%| F|  |TAMS 0x0000000711e00000, 0x0000000711e00000| Untracked 
| 201|0x0000000711f00000, 0x0000000711f00000, 0x0000000712000000|  0%| F|  |TAMS 0x0000000711f00000, 0x0000000711f00000| Untracked 
| 202|0x0000000712000000, 0x0000000712000000, 0x0000000712100000|  0%| F|  |TAMS 0x0000000712000000, 0x0000000712000000| Untracked 
| 203|0x0000000712100000, 0x0000000712100000, 0x0000000712200000|  0%| F|  |TAMS 0x0000000712100000, 0x0000000712100000| Untracked 
| 204|0x0000000712200000, 0x0000000712200000, 0x0000000712300000|  0%| F|  |TAMS 0x0000000712200000, 0x0000000712200000| Untracked 
| 205|0x0000000712300000, 0x0000000712300000, 0x0000000712400000|  0%| F|  |TAMS 0x0000000712300000, 0x0000000712300000| Untracked 
| 206|0x0000000712400000, 0x0000000712400000, 0x0000000712500000|  0%| F|  |TAMS 0x0000000712400000, 0x0000000712400000| Untracked 
| 207|0x0000000712500000, 0x0000000712500000, 0x0000000712600000|  0%| F|  |TAMS 0x0000000712500000, 0x0000000712500000| Untracked 
| 208|0x0000000712600000, 0x0000000712600000, 0x0000000712700000|  0%| F|  |TAMS 0x0000000712600000, 0x0000000712600000| Untracked 
| 209|0x0000000712700000, 0x0000000712700000, 0x0000000712800000|  0%| F|  |TAMS 0x0000000712700000, 0x0000000712700000| Untracked 
| 210|0x0000000712800000, 0x0000000712800000, 0x0000000712900000|  0%| F|  |TAMS 0x0000000712800000, 0x0000000712800000| Untracked 
| 211|0x0000000712900000, 0x0000000712900000, 0x0000000712a00000|  0%| F|  |TAMS 0x0000000712900000, 0x0000000712900000| Untracked 
| 212|0x0000000712a00000, 0x0000000712a00000, 0x0000000712b00000|  0%| F|  |TAMS 0x0000000712a00000, 0x0000000712a00000| Untracked 
| 213|0x0000000712b00000, 0x0000000712b00000, 0x0000000712c00000|  0%| F|  |TAMS 0x0000000712b00000, 0x0000000712b00000| Untracked 
| 214|0x0000000712c00000, 0x0000000712c00000, 0x0000000712d00000|  0%| F|  |TAMS 0x0000000712c00000, 0x0000000712c00000| Untracked 
| 215|0x0000000712d00000, 0x0000000712d00000, 0x0000000712e00000|  0%| F|  |TAMS 0x0000000712d00000, 0x0000000712d00000| Untracked 
| 216|0x0000000712e00000, 0x0000000712e00000, 0x0000000712f00000|  0%| F|  |TAMS 0x0000000712e00000, 0x0000000712e00000| Untracked 
| 217|0x0000000712f00000, 0x0000000712f00000, 0x0000000713000000|  0%| F|  |TAMS 0x0000000712f00000, 0x0000000712f00000| Untracked 
| 218|0x0000000713000000, 0x0000000713000000, 0x0000000713100000|  0%| F|  |TAMS 0x0000000713000000, 0x0000000713000000| Untracked 
| 219|0x0000000713100000, 0x0000000713100000, 0x0000000713200000|  0%| F|  |TAMS 0x0000000713100000, 0x0000000713100000| Untracked 
| 220|0x0000000713200000, 0x0000000713200000, 0x0000000713300000|  0%| F|  |TAMS 0x0000000713200000, 0x0000000713200000| Untracked 
| 221|0x0000000713300000, 0x0000000713300000, 0x0000000713400000|  0%| F|  |TAMS 0x0000000713300000, 0x0000000713300000| Untracked 
| 222|0x0000000713400000, 0x0000000713400000, 0x0000000713500000|  0%| F|  |TAMS 0x0000000713400000, 0x0000000713400000| Untracked 
| 223|0x0000000713500000, 0x0000000713500000, 0x0000000713600000|  0%| F|  |TAMS 0x0000000713500000, 0x0000000713500000| Untracked 
| 224|0x0000000713600000, 0x0000000713600000, 0x0000000713700000|  0%| F|  |TAMS 0x0000000713600000, 0x0000000713600000| Untracked 
| 225|0x0000000713700000, 0x0000000713800000, 0x0000000713800000|100%| S|CS|TAMS 0x0000000713700000, 0x0000000713700000| Complete 
| 226|0x0000000713800000, 0x0000000713900000, 0x0000000713900000|100%| S|CS|TAMS 0x0000000713800000, 0x0000000713800000| Complete 
| 227|0x0000000713900000, 0x0000000713a00000, 0x0000000713a00000|100%| S|CS|TAMS 0x0000000713900000, 0x0000000713900000| Complete 
| 228|0x0000000713a00000, 0x0000000713a00000, 0x0000000713b00000|  0%| F|  |TAMS 0x0000000713a00000, 0x0000000713a00000| Untracked 
| 229|0x0000000713b00000, 0x0000000713b00000, 0x0000000713c00000|  0%| F|  |TAMS 0x0000000713b00000, 0x0000000713b00000| Untracked 
| 230|0x0000000713c00000, 0x0000000713c00000, 0x0000000713d00000|  0%| F|  |TAMS 0x0000000713c00000, 0x0000000713c00000| Untracked 
| 231|0x0000000713d00000, 0x0000000713d00000, 0x0000000713e00000|  0%| F|  |TAMS 0x0000000713d00000, 0x0000000713d00000| Untracked 
| 232|0x0000000713e00000, 0x0000000713e00000, 0x0000000713f00000|  0%| F|  |TAMS 0x0000000713e00000, 0x0000000713e00000| Untracked 
| 233|0x0000000713f00000, 0x0000000713f00000, 0x0000000714000000|  0%| F|  |TAMS 0x0000000713f00000, 0x0000000713f00000| Untracked 
| 234|0x0000000714000000, 0x0000000714000000, 0x0000000714100000|  0%| F|  |TAMS 0x0000000714000000, 0x0000000714000000| Untracked 
| 235|0x0000000714100000, 0x0000000714100000, 0x0000000714200000|  0%| F|  |TAMS 0x0000000714100000, 0x0000000714100000| Untracked 
| 236|0x0000000714200000, 0x0000000714200000, 0x0000000714300000|  0%| F|  |TAMS 0x0000000714200000, 0x0000000714200000| Untracked 
| 237|0x0000000714300000, 0x0000000714300000, 0x0000000714400000|  0%| F|  |TAMS 0x0000000714300000, 0x0000000714300000| Untracked 
| 238|0x0000000714400000, 0x0000000714480800, 0x0000000714500000| 50%| E|  |TAMS 0x0000000714400000, 0x0000000714400000| Complete 
| 239|0x0000000714500000, 0x0000000714600000, 0x0000000714600000|100%| E|CS|TAMS 0x0000000714500000, 0x0000000714500000| Complete 
| 240|0x0000000714600000, 0x0000000714700000, 0x0000000714700000|100%| E|CS|TAMS 0x0000000714600000, 0x0000000714600000| Complete 
| 241|0x0000000714700000, 0x0000000714800000, 0x0000000714800000|100%| E|CS|TAMS 0x0000000714700000, 0x0000000714700000| Complete 
| 242|0x0000000714800000, 0x0000000714900000, 0x0000000714900000|100%| E|CS|TAMS 0x0000000714800000, 0x0000000714800000| Complete 
| 243|0x0000000714900000, 0x0000000714a00000, 0x0000000714a00000|100%| E|CS|TAMS 0x0000000714900000, 0x0000000714900000| Complete 
| 244|0x0000000714a00000, 0x0000000714b00000, 0x0000000714b00000|100%| E|CS|TAMS 0x0000000714a00000, 0x0000000714a00000| Complete 
| 245|0x0000000714b00000, 0x0000000714c00000, 0x0000000714c00000|100%| E|CS|TAMS 0x0000000714b00000, 0x0000000714b00000| Complete 
| 246|0x0000000714c00000, 0x0000000714d00000, 0x0000000714d00000|100%| E|  |TAMS 0x0000000714c00000, 0x0000000714c00000| Complete 
| 247|0x0000000714d00000, 0x0000000714e00000, 0x0000000714e00000|100%| E|CS|TAMS 0x0000000714d00000, 0x0000000714d00000| Complete 
| 248|0x0000000714e00000, 0x0000000714f00000, 0x0000000714f00000|100%| E|CS|TAMS 0x0000000714e00000, 0x0000000714e00000| Complete 
| 249|0x0000000714f00000, 0x0000000715000000, 0x0000000715000000|100%| E|CS|TAMS 0x0000000714f00000, 0x0000000714f00000| Complete 
| 250|0x0000000715000000, 0x0000000715100000, 0x0000000715100000|100%| E|CS|TAMS 0x0000000715000000, 0x0000000715000000| Complete 
| 251|0x0000000715100000, 0x0000000715200000, 0x0000000715200000|100%| E|CS|TAMS 0x0000000715100000, 0x0000000715100000| Complete 

Card table byte_map: [0x00007fa5bc13b000,0x00007fa5bc910000] _byte_map_base: 0x00007fa5b8910000

Marking Bits (Prev, Next): (CMBitMap*) 0x00007fa5b8078a88, (CMBitMap*) 0x00007fa5b8078ac0
 Prev Bits: [0x00007fa598158000, 0x00007fa59c000000)
 Next Bits: [0x00007fa5942b0000, 0x00007fa598158000)

Polling page: 0x00007fa5c1e1f000

Metaspace:

Usage:
  Non-class:     12.77 MB capacity,    12.64 MB ( 99%) used,   117.28 KB ( <1%) free+waste,    18.62 KB ( <1%) overhead. 
      Class:      1.13 MB capacity,     1.05 MB ( 93%) used,    76.43 KB (  7%) free+waste,     7.44 KB ( <1%) overhead. 
       Both:     13.91 MB capacity,    13.69 MB ( 98%) used,   193.71 KB (  1%) free+waste,    26.06 KB ( <1%) overhead. 

Virtual space:
  Non-class space:       14.00 MB reserved,      13.00 MB ( 93%) committed 
      Class space:        1.00 GB reserved,       1.25 MB ( <1%) committed 
             Both:        1.01 GB reserved,      14.25 MB (  1%) committed 

Chunk freelists:
   Non-Class:  226.00 KB
       Class:  0 bytes
        Both:  226.00 KB

CodeHeap 'non-profiled nmethods': size=120032Kb used=418Kb max_used=418Kb free=119613Kb
 bounds [0x00007fa5a841e000, 0x00007fa5a868e000, 0x00007fa5af956000]
CodeHeap 'profiled nmethods': size=120028Kb used=1880Kb max_used=1880Kb free=118147Kb
 bounds [0x00007fa5a0ee7000, 0x00007fa5a1157000, 0x00007fa5a841e000]
CodeHeap 'non-nmethods': size=5700Kb used=1454Kb max_used=1482Kb free=4245Kb
 bounds [0x00007fa5a0956000, 0x00007fa5a0bc6000, 0x00007fa5a0ee7000]
 total_blobs=2305 nmethods=1066 adapters=889
 compilation: enabled
              stopped_count=0, restarted_count=0
 full_count=0

Compilation events (10 events):
Event: 3.784 Thread 0x00007fa564145000 1066   !   4       jdk.internal.reflect.GeneratedSerializationConstructorAccessor10::newInstance (49 bytes)
Event: 3.785 Thread 0x00007fa5b8282000 nmethod 1065 0x00007fa5a8482790 code [0x00007fa5a8482960, 0x00007fa5a8482c38]
Event: 3.785 Thread 0x00007fa5b8282000 1041       4       java.util.ArrayList::get (15 bytes)
Event: 3.785 Thread 0x00007fa564145000 nmethod 1066 0x00007fa5a8482f90 code [0x00007fa5a8483140, 0x00007fa5a8483278]
Event: 3.785 Thread 0x00007fa564145000 1047       4       posidon.uranium.engine.maths.Vec3i::hashCode (38 bytes)
Event: 3.786 Thread 0x00007fa5b8282000 nmethod 1041 0x00007fa5a8483410 code [0x00007fa5a84835a0, 0x00007fa5a8483698]
Event: 3.786 Thread 0x00007fa5b8282000 1048       4       posidon.uranium.engine.maths.Vec3i::equals (60 bytes)
Event: 3.787 Thread 0x00007fa5b8282000 nmethod 1048 0x00007fa5a8483790 code [0x00007fa5a8483940, 0x00007fa5a8483a78]
Event: 3.792 Thread 0x00007fa564145000 nmethod 1047 0x00007fa5a8483c10 code [0x00007fa5a8483de0, 0x00007fa5a8484538]
Event: 3.792 Thread 0x00007fa564144000 nmethod 1044 0x00007fa5a8484810 code [0x00007fa5a8484aa0, 0x00007fa5a8485b30]

GC Heap History (2 events):
Event: 3.713 GC heap before
{Heap before GC invocations=0 (full 0):
 garbage-first heap   total 258048K, used 23552K [0x0000000705600000, 0x0000000800000000)
  region size 1024K, 24 young (24576K), 0 survivors (0K)
 Metaspace       used 14016K, capacity 14240K, committed 14592K, reserved 1062912K
  class space    used 1078K, capacity 1162K, committed 1280K, reserved 1048576K
}
Event: 3.717 GC heap after
{Heap after GC invocations=1 (full 0):
 garbage-first heap   total 258048K, used 4229K [0x0000000705600000, 0x0000000800000000)
  region size 1024K, 3 young (3072K), 3 survivors (3072K)
 Metaspace       used 14016K, capacity 14240K, committed 14592K, reserved 1062912K
  class space    used 1078K, capacity 1162K, committed 1280K, reserved 1048576K
}

Deoptimization events (10 events):
Event: 0.109 Thread 0x00007fa5b8014000 Uncommon trap: trap_request=0xffffffde fr.pc=0x00007fa5a842b7dc relative=0x0000000000000b5c
Event: 0.109 Thread 0x00007fa5b8014000 Uncommon trap: reason=class_check action=maybe_recompile pc=0x00007fa5a842b7dc method=java.util.HashMap.putVal(ILjava/lang/Object;Ljava/lang/Object;ZZ)Ljava/lang/Object; @ 152 c2
Event: 0.109 Thread 0x00007fa5b8014000 DEOPT PACKING pc=0x00007fa5a842b7dc sp=0x00007fa5c1dfcc70
Event: 0.109 Thread 0x00007fa5b8014000 DEOPT UNPACKING pc=0x00007fa5a097e9a5 sp=0x00007fa5c1dfcbf0 mode 2
Event: 0.201 Thread 0x00007fa5b85a2000 DEOPT PACKING pc=0x00007fa5a0f35584 sp=0x00007fa572fc71d0
Event: 0.201 Thread 0x00007fa5b85a2000 DEOPT UNPACKING pc=0x00007fa5a097e7ba sp=0x00007fa572fc6648 mode 0
Event: 0.215 Thread 0x00007fa5b85a2000 DEOPT PACKING pc=0x00007fa5a0f342ba sp=0x00007fa572fc6ef0
Event: 0.215 Thread 0x00007fa5b85a2000 DEOPT UNPACKING pc=0x00007fa5a097e7ba sp=0x00007fa572fc6378 mode 0
Event: 0.230 Thread 0x00007fa5b85a2000 DEOPT PACKING pc=0x00007fa5a0f21a6f sp=0x00007fa572fc7690
Event: 0.230 Thread 0x00007fa5b85a2000 DEOPT UNPACKING pc=0x00007fa5a097e7ba sp=0x00007fa572fc6b38 mode 0

Classes redefined (0 events):
No events

Internal exceptions (8 events):
Event: 0.193 Thread 0x00007fa5b85a2000 Exception <a 'java/lang/NoSuchMethodError'{0x0000000714b3bd40}: 'void java.lang.invoke.DelegatingMethodHandle$Holder.delegate(java.lang.Object, java.lang.Object, int, java.lang.Object)'> (0x0000000714b3bd40) thrown at [/build/openjdk-lts-7bqZff/openjdk-lt
Event: 0.194 Thread 0x00007fa5b85a2000 Exception <a 'java/lang/NoSuchMethodError'{0x0000000714b43048}: 'java.lang.Object java.lang.invoke.DirectMethodHandle$Holder.invokeStaticInit(java.lang.Object, java.lang.Object, java.lang.Object)'> (0x0000000714b43048) thrown at [/build/openjdk-lts-7bqZff
Event: 0.211 Thread 0x00007fa5b85a2000 Exception <a 'sun/nio/fs/UnixException'{0x0000000714ba2ee8}> (0x0000000714ba2ee8) thrown at [/build/openjdk-lts-7bqZff/openjdk-lts-11.0.4+11/src/hotspot/share/prims/jni.cpp, line 615]
Event: 0.218 Thread 0x00007fa5b85a2000 Exception <a 'sun/nio/fs/UnixException'{0x0000000714bcc3b8}> (0x0000000714bcc3b8) thrown at [/build/openjdk-lts-7bqZff/openjdk-lts-11.0.4+11/src/hotspot/share/prims/jni.cpp, line 615]
Event: 0.355 Thread 0x00007fa5b85a2000 Exception <a 'sun/nio/fs/UnixException'{0x000000071492fe78}> (0x000000071492fe78) thrown at [/build/openjdk-lts-7bqZff/openjdk-lts-11.0.4+11/src/hotspot/share/prims/jni.cpp, line 615]
Event: 0.358 Thread 0x00007fa5b85a2000 Exception <a 'sun/nio/fs/UnixException'{0x000000071494e940}> (0x000000071494e940) thrown at [/build/openjdk-lts-7bqZff/openjdk-lts-11.0.4+11/src/hotspot/share/prims/jni.cpp, line 615]
Event: 0.531 Thread 0x00007fa5b85a2000 Exception <a 'sun/nio/fs/UnixException'{0x0000000713f078b8}> (0x0000000713f078b8) thrown at [/build/openjdk-lts-7bqZff/openjdk-lts-11.0.4+11/src/hotspot/share/prims/jni.cpp, line 615]
Event: 3.083 Thread 0x00007fa5b85a2000 Exception <a 'java/lang/NoSuchMethodError'{0x0000000713f57040}: <clinit>> (0x0000000713f57040) thrown at [/build/openjdk-lts-7bqZff/openjdk-lts-11.0.4+11/src/hotspot/share/prims/jni.cpp, line 1364]

Events (10 events):
Event: 3.713 Executing VM operation: G1CollectForAllocation
Event: 3.717 Executing VM operation: G1CollectForAllocation done
Event: 3.719 Executing VM operation: RevokeBias
Event: 3.719 Executing VM operation: RevokeBias done
Event: 3.719 Executing VM operation: RevokeBias
Event: 3.719 Executing VM operation: RevokeBias done
Event: 3.719 Executing VM operation: RevokeBias
Event: 3.719 Executing VM operation: RevokeBias done
Event: 3.719 Executing VM operation: RevokeBias
Event: 3.719 Executing VM operation: RevokeBias done


Dynamic libraries:
40109000-4010b000 r-xs 00000000 08:01 5636304                            /tmp/.glKry5cw (deleted)
410c1000-41173000 rw-p 00000000 00:00 0 
705600000-715200000 rw-p 00000000 00:00 0 
715200000-800000000 ---p 00000000 00:00 0 
800000000-800140000 rw-p 00000000 00:00 0 
800140000-840000000 ---p 00000000 00:00 0 
562817f83000-562817f84000 r-xp 00000000 08:01 4984789                    /usr/lib/jvm/java-11-openjdk-amd64/bin/java
562818184000-562818185000 r--p 00001000 08:01 4984789                    /usr/lib/jvm/java-11-openjdk-amd64/bin/java
562818185000-562818186000 rw-p 00002000 08:01 4984789                    /usr/lib/jvm/java-11-openjdk-amd64/bin/java
562818472000-562818493000 rw-p 00000000 00:00 0                          [heap]
7fa524000000-7fa524021000 rw-p 00000000 00:00 0 
7fa524021000-7fa528000000 ---p 00000000 00:00 0 
7fa528000000-7fa528021000 rw-p 00000000 00:00 0 
7fa528021000-7fa52c000000 ---p 00000000 00:00 0 
7fa52c000000-7fa52c021000 rw-p 00000000 00:00 0 
7fa52c021000-7fa530000000 ---p 00000000 00:00 0 
7fa530000000-7fa530021000 rw-p 00000000 00:00 0 
7fa530021000-7fa534000000 ---p 00000000 00:00 0 
7fa534000000-7fa534424000 rw-p 00000000 00:00 0 
7fa534424000-7fa538000000 ---p 00000000 00:00 0 
7fa538000000-7fa538021000 rw-p 00000000 00:00 0 
7fa538021000-7fa53c000000 ---p 00000000 00:00 0 
7fa53c000000-7fa53c389000 rw-p 00000000 00:00 0 
7fa53c389000-7fa540000000 ---p 00000000 00:00 0 
7fa5407f6000-7fa5409f6000 rw-s 00000000 00:06 551                        /dev/nvidiactl
7fa5409f6000-7fa5409f7000 ---p 00000000 00:00 0 
7fa5409f7000-7fa540af8000 rw-p 00000000 00:00 0 
7fa540af8000-7fa540af9000 ---p 00000000 00:00 0 
7fa540af9000-7fa540bfa000 rw-p 00000000 00:00 0 
7fa540bfa000-7fa540bfb000 ---p 00000000 00:00 0 
7fa540bfb000-7fa540cfc000 rw-p 00000000 00:00 0 
7fa540cfc000-7fa540cfd000 ---p 00000000 00:00 0 
7fa540cfd000-7fa540dfe000 rw-p 00000000 00:00 0 
7fa540dfe000-7fa540dff000 ---p 00000000 00:00 0 
7fa540dff000-7fa540f00000 rw-p 00000000 00:00 0 
7fa540f00000-7fa540f04000 ---p 00000000 00:00 0 
7fa540f04000-7fa541001000 rw-p 00000000 00:00 0 
7fa541001000-7fa541005000 ---p 00000000 00:00 0 
7fa541005000-7fa541102000 rw-p 00000000 00:00 0 
7fa541102000-7fa541182000 rw-s 00000000 00:06 551                        /dev/nvidiactl
7fa541182000-7fa541282000 rw-p 00000000 00:00 0 
7fa541282000-7fa541382000 ---p 00000000 00:00 0 
7fa541382000-7fa541402000 rw-s 00000000 00:06 551                        /dev/nvidiactl
7fa541402000-7fa541461000 r-xp 00000000 08:01 6034305                    /tmp/lwjglleo/3.2.3-build-13/liblwjgl_stb.so
7fa541461000-7fa541660000 ---p 0005f000 08:01 6034305                    /tmp/lwjglleo/3.2.3-build-13/liblwjgl_stb.so
7fa541660000-7fa541661000 r--p 0005e000 08:01 6034305                    /tmp/lwjglleo/3.2.3-build-13/liblwjgl_stb.so
7fa541661000-7fa541662000 rw-p 0005f000 08:01 6034305                    /tmp/lwjglleo/3.2.3-build-13/liblwjgl_stb.so
7fa541662000-7fa541863000 rw-p 00000000 00:00 0 
7fa541863000-7fa5418a3000 rw-s 00000000 08:01 8258184                    /home/leo/#8258184 (deleted)
7fa5418a3000-7fa5418fb000 r-xp 00000000 08:01 6034304                    /tmp/lwjglleo/3.2.3-build-13/liblwjgl_opengl.so
7fa5418fb000-7fa541afa000 ---p 00058000 08:01 6034304                    /tmp/lwjglleo/3.2.3-build-13/liblwjgl_opengl.so
7fa541afa000-7fa541afb000 r--p 00057000 08:01 6034304                    /tmp/lwjglleo/3.2.3-build-13/liblwjgl_opengl.so
7fa541afb000-7fa541afc000 rw-p 00058000 08:01 6034304                    /tmp/lwjglleo/3.2.3-build-13/liblwjgl_opengl.so
7fa541afc000-7fa541b7c000 rw-s 00000000 00:06 551                        /dev/nvidiactl
7fa541b7c000-7fa541bfc000 rw-s 00000000 00:06 551                        /dev/nvidiactl
7fa541bfc000-7fa541cfc000 rw-s 00000000 00:06 551                        /dev/nvidiactl
7fa541cfc000-7fa541d0c000 r-xp 00000000 08:01 4988700                    /usr/lib/x86_64-linux-gnu/libdrm.so.2.4.0
7fa541d0c000-7fa541f0b000 ---p 00010000 08:01 4988700                    /usr/lib/x86_64-linux-gnu/libdrm.so.2.4.0
7fa541f0b000-7fa541f0c000 r--p 0000f000 08:01 4988700                    /usr/lib/x86_64-linux-gnu/libdrm.so.2.4.0
7fa541f0c000-7fa541f0d000 rw-p 00010000 08:01 4988700                    /usr/lib/x86_64-linux-gnu/libdrm.so.2.4.0
7fa541f0d000-7fa542012000 rw-s 00000000 00:06 551                        /dev/nvidiactl
7fa542012000-7fa54327c000 r-xp 00000000 08:01 4981621                    /usr/lib/x86_64-linux-gnu/libnvidia-glcore.so.430.50
7fa54327c000-7fa54329d000 rwxp 0126a000 08:01 4981621                    /usr/lib/x86_64-linux-gnu/libnvidia-glcore.so.430.50
7fa54329d000-7fa543797000 r-xp 0128b000 08:01 4981621                    /usr/lib/x86_64-linux-gnu/libnvidia-glcore.so.430.50
7fa543797000-7fa543996000 ---p 01785000 08:01 4981621                    /usr/lib/x86_64-linux-gnu/libnvidia-glcore.so.430.50
7fa543996000-7fa543ccb000 rw-p 01784000 08:01 4981621                    /usr/lib/x86_64-linux-gnu/libnvidia-glcore.so.430.50
7fa543ccb000-7fa543ce7000 rw-p 00000000 00:00 0 
7fa543ce7000-7fa543d96000 r-xp 00000000 08:01 4981618                    /usr/lib/x86_64-linux-gnu/libGLX_nvidia.so.430.50
7fa543d96000-7fa543dcb000 rwxp 000af000 08:01 4981618                    /usr/lib/x86_64-linux-gnu/libGLX_nvidia.so.430.50
7fa543dcb000-7fa543dda000 r-xp 000e4000 08:01 4981618                    /usr/lib/x86_64-linux-gnu/libGLX_nvidia.so.430.50
7fa543dda000-7fa543fda000 ---p 000f3000 08:01 4981618                    /usr/lib/x86_64-linux-gnu/libGLX_nvidia.so.430.50
7fa543fda000-7fa543ffe000 rw-p 000f3000 08:01 4981618                    /usr/lib/x86_64-linux-gnu/libGLX_nvidia.so.430.50
7fa543ffe000-7fa544000000 rw-p 00000000 00:00 0 
7fa544000000-7fa544021000 rw-p 00000000 00:00 0 
7fa544021000-7fa548000000 ---p 00000000 00:00 0 
7fa548000000-7fa548a13000 rw-p 00000000 00:00 0 
7fa548a13000-7fa54c000000 ---p 00000000 00:00 0 
7fa54c000000-7fa54c021000 rw-p 00000000 00:00 0 
7fa54c021000-7fa550000000 ---p 00000000 00:00 0 
7fa550000000-7fa550021000 rw-p 00000000 00:00 0 
7fa550021000-7fa554000000 ---p 00000000 00:00 0 
7fa554000000-7fa55406b000 rw-p 00000000 00:00 0 
7fa55406b000-7fa558000000 ---p 00000000 00:00 0 
7fa558000000-7fa558021000 rw-p 00000000 00:00 0 
7fa558021000-7fa55c000000 ---p 00000000 00:00 0 
7fa55c000000-7fa55c021000 rw-p 00000000 00:00 0 
7fa55c021000-7fa560000000 ---p 00000000 00:00 0 
7fa560000000-7fa560021000 rw-p 00000000 00:00 0 
7fa560021000-7fa564000000 ---p 00000000 00:00 0 
7fa564000000-7fa56452c000 rw-p 00000000 00:00 0 
7fa56452c000-7fa568000000 ---p 00000000 00:00 0 
7fa568000000-7fa5683e1000 rw-p 00000000 00:00 0 
7fa5683e1000-7fa56c000000 ---p 00000000 00:00 0 
7fa56c000000-7fa56c021000 rw-p 00000000 00:00 0 
7fa56c021000-7fa570000000 ---p 00000000 00:00 0 
7fa570009000-7fa570049000 r-xs 00000000 08:01 8258184                    /home/leo/#8258184 (deleted)
7fa570049000-7fa5700c9000 rw-s 00000000 00:06 551                        /dev/nvidiactl
7fa5700c9000-7fa5700cc000 r-xp 00000000 08:01 4984235                    /usr/lib/x86_64-linux-gnu/libnvidia-tls.so.430.50
7fa5700cc000-7fa5702cc000 ---p 00003000 08:01 4984235                    /usr/lib/x86_64-linux-gnu/libnvidia-tls.so.430.50
7fa5702cc000-7fa5702cd000 rw-p 00003000 08:01 4984235                    /usr/lib/x86_64-linux-gnu/libnvidia-tls.so.430.50
7fa5702cd000-7fa57030f000 r-xp 00000000 08:01 4988392                    /usr/lib/x86_64-linux-gnu/libGLdispatch.so.0.0.0
7fa57030f000-7fa570328000 r-xp 00042000 08:01 4988392                    /usr/lib/x86_64-linux-gnu/libGLdispatch.so.0.0.0
7fa570328000-7fa57033b000 r-xp 0005b000 08:01 4988392                    /usr/lib/x86_64-linux-gnu/libGLdispatch.so.0.0.0
7fa57033b000-7fa57053a000 ---p 0006e000 08:01 4988392                    /usr/lib/x86_64-linux-gnu/libGLdispatch.so.0.0.0
7fa57053a000-7fa570562000 r--p 0006d000 08:01 4988392                    /usr/lib/x86_64-linux-gnu/libGLdispatch.so.0.0.0
7fa570562000-7fa570563000 rw-p 00095000 08:01 4988392                    /usr/lib/x86_64-linux-gnu/libGLdispatch.so.0.0.0
7fa570563000-7fa570583000 rw-p 00000000 00:00 0 
7fa570583000-7fa570593000 r-xp 00000000 08:01 4988387                    /usr/lib/x86_64-linux-gnu/libGLX.so.0.0.0
7fa570593000-7fa570792000 ---p 00010000 08:01 4988387                    /usr/lib/x86_64-linux-gnu/libGLX.so.0.0.0
7fa570792000-7fa570793000 r--p 0000f000 08:01 4988387                    /usr/lib/x86_64-linux-gnu/libGLX.so.0.0.0
7fa570793000-7fa570794000 rw-p 00010000 08:01 4988387                    /usr/lib/x86_64-linux-gnu/libGLX.so.0.0.0
7fa570794000-7fa5707b4000 rw-p 00000000 00:00 0 
7fa5707b4000-7fa5707f8000 r-xp 00000000 08:01 4988381                    /usr/lib/x86_64-linux-gnu/libGL.so.1.0.0
7fa5707f8000-7fa570811000 r-xp 00044000 08:01 4988381                    /usr/lib/x86_64-linux-gnu/libGL.so.1.0.0
7fa570811000-7fa570825000 r-xp 0005d000 08:01 4988381                    /usr/lib/x86_64-linux-gnu/libGL.so.1.0.0
7fa570825000-7fa570a24000 ---p 00071000 08:01 4988381                    /usr/lib/x86_64-linux-gnu/libGL.so.1.0.0
7fa570a24000-7fa570a3e000 r--p 00070000 08:01 4988381                    /usr/lib/x86_64-linux-gnu/libGL.so.1.0.0
7fa570a3e000-7fa570a3f000 rw-p 0008a000 08:01 4988381                    /usr/lib/x86_64-linux-gnu/libGL.so.1.0.0
7fa570a3f000-7fa570a40000 rw-p 00000000 00:00 0 
7fa570a40000-7fa570a41000 r-xp 00000000 08:01 4988426                    /usr/lib/x86_64-linux-gnu/libX11-xcb.so.1.0.0
7fa570a41000-7fa570c40000 ---p 00001000 08:01 4988426                    /usr/lib/x86_64-linux-gnu/libX11-xcb.so.1.0.0
7fa570c40000-7fa570c41000 r--p 00000000 08:01 4988426                    /usr/lib/x86_64-linux-gnu/libX11-xcb.so.1.0.0
7fa570c41000-7fa570c42000 rw-p 00001000 08:01 4988426                    /usr/lib/x86_64-linux-gnu/libX11-xcb.so.1.0.0
7fa570c42000-7fa570c44000 r-xp 00000000 08:01 4988455                    /usr/lib/x86_64-linux-gnu/libXinerama.so.1.0.0
7fa570c44000-7fa570e43000 ---p 00002000 08:01 4988455                    /usr/lib/x86_64-linux-gnu/libXinerama.so.1.0.0
7fa570e43000-7fa570e44000 r--p 00001000 08:01 4988455                    /usr/lib/x86_64-linux-gnu/libXinerama.so.1.0.0
7fa570e44000-7fa570e45000 rw-p 00002000 08:01 4988455                    /usr/lib/x86_64-linux-gnu/libXinerama.so.1.0.0
7fa570e45000-7fa570e4a000 r-xp 00000000 08:01 4988447                    /usr/lib/x86_64-linux-gnu/libXfixes.so.3.1.0
7fa570e4a000-7fa571049000 ---p 00005000 08:01 4988447                    /usr/lib/x86_64-linux-gnu/libXfixes.so.3.1.0
7fa571049000-7fa57104a000 r--p 00004000 08:01 4988447                    /usr/lib/x86_64-linux-gnu/libXfixes.so.3.1.0
7fa57104a000-7fa57104b000 rw-p 00005000 08:01 4988447                    /usr/lib/x86_64-linux-gnu/libXfixes.so.3.1.0
7fa57104b000-7fa571054000 r-xp 00000000 08:01 4988439                    /usr/lib/x86_64-linux-gnu/libXcursor.so.1.0.2
7fa571054000-7fa571253000 ---p 00009000 08:01 4988439                    /usr/lib/x86_64-linux-gnu/libXcursor.so.1.0.2
7fa571253000-7fa571254000 r--p 00008000 08:01 4988439                    /usr/lib/x86_64-linux-gnu/libXcursor.so.1.0.2
7fa571254000-7fa571255000 rw-p 00009000 08:01 4988439                    /usr/lib/x86_64-linux-gnu/libXcursor.so.1.0.2
7fa571255000-7fa57125e000 r-xp 00000000 08:01 4988465                    /usr/lib/x86_64-linux-gnu/libXrender.so.1.3.0
7fa57125e000-7fa57145d000 ---p 00009000 08:01 4988465                    /usr/lib/x86_64-linux-gnu/libXrender.so.1.3.0
7fa57145d000-7fa57145e000 r--p 00008000 08:01 4988465                    /usr/lib/x86_64-linux-gnu/libXrender.so.1.3.0
7fa57145e000-7fa57145f000 rw-p 00009000 08:01 4988465                    /usr/lib/x86_64-linux-gnu/libXrender.so.1.3.0
7fa57145f000-7fa571469000 r-xp 00000000 08:01 4988463                    /usr/lib/x86_64-linux-gnu/libXrandr.so.2.2.0
7fa571469000-7fa571668000 ---p 0000a000 08:01 4988463                    /usr/lib/x86_64-linux-gnu/libXrandr.so.2.2.0
7fa571668000-7fa571669000 r--p 00009000 08:01 4988463                    /usr/lib/x86_64-linux-gnu/libXrandr.so.2.2.0
7fa571669000-7fa57166a000 rw-p 0000a000 08:01 4988463                    /usr/lib/x86_64-linux-gnu/libXrandr.so.2.2.0
7fa57166a000-7fa571679000 r-xp 00000000 08:01 4988453                    /usr/lib/x86_64-linux-gnu/libXi.so.6.1.0
7fa571679000-7fa571878000 ---p 0000f000 08:01 4988453                    /usr/lib/x86_64-linux-gnu/libXi.so.6.1.0
7fa571878000-7fa571879000 r--p 0000e000 08:01 4988453                    /usr/lib/x86_64-linux-gnu/libXi.so.6.1.0
7fa571879000-7fa57187a000 rw-p 0000f000 08:01 4988453                    /usr/lib/x86_64-linux-gnu/libXi.so.6.1.0
7fa57187a000-7fa57188b000 r-xp 00000000 08:01 4988445                    /usr/lib/x86_64-linux-gnu/libXext.so.6.4.0
7fa57188b000-7fa571a8a000 ---p 00011000 08:01 4988445                    /usr/lib/x86_64-linux-gnu/libXext.so.6.4.0
7fa571a8a000-7fa571a8b000 r--p 00010000 08:01 4988445                    /usr/lib/x86_64-linux-gnu/libXext.so.6.4.0
7fa571a8b000-7fa571a8c000 rw-p 00011000 08:01 4988445                    /usr/lib/x86_64-linux-gnu/libXext.so.6.4.0
7fa571a8c000-7fa571a91000 r-xp 00000000 08:01 4988481                    /usr/lib/x86_64-linux-gnu/libXxf86vm.so.1.0.0
7fa571a91000-7fa571c90000 ---p 00005000 08:01 4988481                    /usr/lib/x86_64-linux-gnu/libXxf86vm.so.1.0.0
7fa571c90000-7fa571c91000 r--p 00004000 08:01 4988481                    /usr/lib/x86_64-linux-gnu/libXxf86vm.so.1.0.0
7fa571c91000-7fa571c92000 rw-p 00005000 08:01 4988481                    /usr/lib/x86_64-linux-gnu/libXxf86vm.so.1.0.0
7fa571c92000-7fa571ca5000 r-xp 00000000 08:01 9835465                    /lib/x86_64-linux-gnu/libbsd.so.0.8.7
7fa571ca5000-7fa571ea4000 ---p 00013000 08:01 9835465                    /lib/x86_64-linux-gnu/libbsd.so.0.8.7
7fa571ea4000-7fa571ea5000 r--p 00012000 08:01 9835465                    /lib/x86_64-linux-gnu/libbsd.so.0.8.7
7fa571ea5000-7fa571ea6000 rw-p 00013000 08:01 9835465                    /lib/x86_64-linux-gnu/libbsd.so.0.8.7
7fa571ea6000-7fa571ea7000 rw-p 00000000 00:00 0 
7fa571ea7000-7fa571eac000 r-xp 00000000 08:01 4988443                    /usr/lib/x86_64-linux-gnu/libXdmcp.so.6.0.0
7fa571eac000-7fa5720ab000 ---p 00005000 08:01 4988443                    /usr/lib/x86_64-linux-gnu/libXdmcp.so.6.0.0
7fa5720ab000-7fa5720ac000 r--p 00004000 08:01 4988443                    /usr/lib/x86_64-linux-gnu/libXdmcp.so.6.0.0
7fa5720ac000-7fa5720ad000 rw-p 00005000 08:01 4988443                    /usr/lib/x86_64-linux-gnu/libXdmcp.so.6.0.0
7fa5720ad000-7fa5720af000 r-xp 00000000 08:01 4988432                    /usr/lib/x86_64-linux-gnu/libXau.so.6.0.0
7fa5720af000-7fa5722af000 ---p 00002000 08:01 4988432                    /usr/lib/x86_64-linux-gnu/libXau.so.6.0.0
7fa5722af000-7fa5722b0000 r--p 00002000 08:01 4988432                    /usr/lib/x86_64-linux-gnu/libXau.so.6.0.0
7fa5722b0000-7fa5722b1000 rw-p 00003000 08:01 4988432                    /usr/lib/x86_64-linux-gnu/libXau.so.6.0.0
7fa5722b1000-7fa5722d7000 r-xp 00000000 08:01 4989606                    /usr/lib/x86_64-linux-gnu/libxcb.so.1.1.0
7fa5722d7000-7fa5724d7000 ---p 00026000 08:01 4989606                    /usr/lib/x86_64-linux-gnu/libxcb.so.1.1.0
7fa5724d7000-7fa5724d8000 r--p 00026000 08:01 4989606                    /usr/lib/x86_64-linux-gnu/libxcb.so.1.1.0
7fa5724d8000-7fa5724d9000 rw-p 00027000 08:01 4989606                    /usr/lib/x86_64-linux-gnu/libxcb.so.1.1.0
7fa5724d9000-7fa57260c000 r-xp 00000000 08:01 4988428                    /usr/lib/x86_64-linux-gnu/libX11.so.6.3.0
7fa57260c000-7fa57280c000 ---p 00133000 08:01 4988428                    /usr/lib/x86_64-linux-gnu/libX11.so.6.3.0
7fa57280c000-7fa57280d000 r--p 00133000 08:01 4988428                    /usr/lib/x86_64-linux-gnu/libX11.so.6.3.0
7fa57280d000-7fa572811000 rw-p 00134000 08:01 4988428                    /usr/lib/x86_64-linux-gnu/libX11.so.6.3.0
7fa572811000-7fa572854000 r-xp 00000000 08:01 6034303                    /tmp/lwjglleo/3.2.3-build-13/libglfw.so
7fa572854000-7fa572a53000 ---p 00043000 08:01 6034303                    /tmp/lwjglleo/3.2.3-build-13/libglfw.so
7fa572a53000-7fa572a54000 r--p 00042000 08:01 6034303                    /tmp/lwjglleo/3.2.3-build-13/libglfw.so
7fa572a54000-7fa572a56000 rw-p 00043000 08:01 6034303                    /tmp/lwjglleo/3.2.3-build-13/libglfw.so
7fa572a56000-7fa572c77000 rw-p 00000000 00:00 0 
7fa572c77000-7fa572cc8000 r-xp 00000000 08:01 6034302                    /tmp/lwjglleo/3.2.3-build-13/liblwjgl.so
7fa572cc8000-7fa572ec7000 ---p 00051000 08:01 6034302                    /tmp/lwjglleo/3.2.3-build-13/liblwjgl.so
7fa572ec7000-7fa572ec8000 r--p 00050000 08:01 6034302                    /tmp/lwjglleo/3.2.3-build-13/liblwjgl.so
7fa572ec8000-7fa572ec9000 rw-p 00051000 08:01 6034302                    /tmp/lwjglleo/3.2.3-build-13/liblwjgl.so
7fa572ec9000-7fa572ecd000 ---p 00000000 00:00 0 
7fa572ecd000-7fa572fca000 rw-p 00000000 00:00 0 
7fa572fca000-7fa572fce000 ---p 00000000 00:00 0 
7fa572fce000-7fa5730cb000 rw-p 00000000 00:00 0 
7fa5730cb000-7fa5730cd000 r-xp 00000000 08:01 4984923                    /usr/lib/jvm/java-11-openjdk-amd64/lib/libextnet.so
7fa5730cd000-7fa5732cc000 ---p 00002000 08:01 4984923                    /usr/lib/jvm/java-11-openjdk-amd64/lib/libextnet.so
7fa5732cc000-7fa5732cd000 r--p 00001000 08:01 4984923                    /usr/lib/jvm/java-11-openjdk-amd64/lib/libextnet.so
7fa5732cd000-7fa5732ce000 rw-p 00002000 08:01 4984923                    /usr/lib/jvm/java-11-openjdk-amd64/lib/libextnet.so
7fa5732ce000-7fa5732cf000 ---p 00000000 00:00 0 
7fa5732cf000-7fa5733d0000 rw-p 00000000 00:00 0 
7fa5733d0000-7fa5733d4000 ---p 00000000 00:00 0 
7fa5733d4000-7fa5734d1000 rw-p 00000000 00:00 0 
7fa5734d1000-7fa5734d5000 ---p 00000000 00:00 0 
7fa5734d5000-7fa5735d2000 rw-p 00000000 00:00 0 
7fa5735d2000-7fa5735d6000 ---p 00000000 00:00 0 
7fa5735d6000-7fa5736d3000 rw-p 00000000 00:00 0 
7fa5736d3000-7fa5736e9000 r-xp 00000000 08:01 4984942                    /usr/lib/jvm/java-11-openjdk-amd64/lib/libnet.so
7fa5736e9000-7fa5738e8000 ---p 00016000 08:01 4984942                    /usr/lib/jvm/java-11-openjdk-amd64/lib/libnet.so
7fa5738e8000-7fa5738e9000 r--p 00015000 08:01 4984942                    /usr/lib/jvm/java-11-openjdk-amd64/lib/libnet.so
7fa5738e9000-7fa5738ea000 rw-p 00016000 08:01 4984942                    /usr/lib/jvm/java-11-openjdk-amd64/lib/libnet.so
7fa5738ea000-7fa5738fa000 r-xp 00000000 08:01 4984943                    /usr/lib/jvm/java-11-openjdk-amd64/lib/libnio.so
7fa5738fa000-7fa573af9000 ---p 00010000 08:01 4984943                    /usr/lib/jvm/java-11-openjdk-amd64/lib/libnio.so
7fa573af9000-7fa573afa000 r--p 0000f000 08:01 4984943                    /usr/lib/jvm/java-11-openjdk-amd64/lib/libnio.so
7fa573afa000-7fa573afb000 rw-p 00010000 08:01 4984943                    /usr/lib/jvm/java-11-openjdk-amd64/lib/libnio.so
7fa573afb000-7fa573aff000 ---p 00000000 00:00 0 
7fa573aff000-7fa573bfc000 rw-p 00000000 00:00 0 
7fa573bfc000-7fa573c00000 ---p 00000000 00:00 0 
7fa573c00000-7fa573cfd000 rw-p 00000000 00:00 0 
7fa573cfd000-7fa573d01000 ---p 00000000 00:00 0 
7fa573d01000-7fa573dfe000 rw-p 00000000 00:00 0 
7fa573dfe000-7fa573e02000 ---p 00000000 00:00 0 
7fa573e02000-7fa573eff000 rw-p 00000000 00:00 0 
7fa573eff000-7fa573f03000 ---p 00000000 00:00 0 
7fa573f03000-7fa574000000 rw-p 00000000 00:00 0 
7fa574000000-7fa574021000 rw-p 00000000 00:00 0 
7fa574021000-7fa578000000 ---p 00000000 00:00 0 
7fa578000000-7fa578021000 rw-p 00000000 00:00 0 
7fa578021000-7fa57c000000 ---p 00000000 00:00 0 
7fa57c000000-7fa57c021000 rw-p 00000000 00:00 0 
7fa57c021000-7fa580000000 ---p 00000000 00:00 0 
7fa580000000-7fa580021000 rw-p 00000000 00:00 0 
7fa580021000-7fa584000000 ---p 00000000 00:00 0 
7fa584000000-7fa584021000 rw-p 00000000 00:00 0 
7fa584021000-7fa588000000 ---p 00000000 00:00 0 
7fa588000000-7fa588021000 rw-p 00000000 00:00 0 
7fa588021000-7fa58c000000 ---p 00000000 00:00 0 
7fa58c00d000-7fa58c020000 rw-s 00000000 00:06 551                        /dev/nvidiactl
7fa58c020000-7fa58c9ef000 r--p 00000000 08:01 4987387                    /usr/lib/locale/locale-archive
7fa58c9ef000-7fa58c9f3000 ---p 00000000 00:00 0 
7fa58c9f3000-7fa58caf0000 rw-p 00000000 00:00 0 
7fa58caf0000-7fa58caf4000 ---p 00000000 00:00 0 
7fa58caf4000-7fa58cbf1000 rw-p 00000000 00:00 0 
7fa58cbf1000-7fa58cbf2000 ---p 00000000 00:00 0 
7fa58cbf2000-7fa58d4f3000 rw-p 00000000 00:00 0 
7fa58d4f3000-7fa58d4f4000 ---p 00000000 00:00 0 
7fa58d4f4000-7fa58d5f5000 rw-p 00000000 00:00 0 
7fa58d5f5000-7fa58d5f6000 ---p 00000000 00:00 0 
7fa58d5f6000-7fa590000000 rw-p 00000000 00:00 0 
7fa590000000-7fa590021000 rw-p 00000000 00:00 0 
7fa590021000-7fa594000000 ---p 00000000 00:00 0 
7fa59400d000-7fa59404d000 rw-s 00000000 00:06 551                        /dev/nvidiactl
7fa59404d000-7fa59406d000 rw-s 00000000 00:06 551                        /dev/nvidiactl
7fa59406d000-7fa5940ad000 rw-s 00000000 00:06 551                        /dev/nvidiactl
7fa5940ad000-7fa5941ae000 rw-p 00000000 00:00 0 
7fa5941ae000-7fa5941af000 ---p 00000000 00:00 0 
7fa5941af000-7fa5946a0000 rw-p 00000000 00:00 0 
7fa5946a0000-7fa598158000 ---p 00000000 00:00 0 
7fa598158000-7fa598548000 rw-p 00000000 00:00 0 
7fa598548000-7fa59c000000 ---p 00000000 00:00 0 
7fa59c000000-7fa59c021000 rw-p 00000000 00:00 0 
7fa59c021000-7fa5a0000000 ---p 00000000 00:00 0 
7fa5a000f000-7fa5a001f000 rw-s 00000000 00:06 552                        /dev/nvidia0
7fa5a001f000-7fa5a003f000 rw-s 00000000 00:06 551                        /dev/nvidiactl
7fa5a003f000-7fa5a007f000 rw-s 00000000 00:06 551                        /dev/nvidiactl
7fa5a007f000-7fa5a0080000 ---p 00000000 00:00 0 
7fa5a0080000-7fa5a01ff000 rw-p 00000000 00:00 0 
7fa5a01ff000-7fa5a0956000 ---p 00000000 00:00 0 
7fa5a0956000-7fa5a0bc6000 rwxp 00000000 00:00 0 
7fa5a0bc6000-7fa5a0ee7000 ---p 00000000 00:00 0 
7fa5a0ee7000-7fa5a1157000 rwxp 00000000 00:00 0 
7fa5a1157000-7fa5a841e000 ---p 00000000 00:00 0 
7fa5a841e000-7fa5a868e000 rwxp 00000000 00:00 0 
7fa5a868e000-7fa5af956000 ---p 00000000 00:00 0 
7fa5af956000-7fa5b8000000 r--s 00000000 08:01 4984952                    /usr/lib/jvm/java-11-openjdk-amd64/lib/modules
7fa5b8000000-7fa5b85a5000 rw-p 00000000 00:00 0 
7fa5b85a5000-7fa5bc000000 ---p 00000000 00:00 0 
7fa5bc007000-7fa5bc008000 r-xp 00000000 00:00 0 
7fa5bc008000-7fa5bc00a000 rw-s 00000000 08:01 5636304                    /tmp/.glKry5cw (deleted)
7fa5bc00a000-7fa5bc00b000 rw-s 00000000 00:06 551                        /dev/nvidiactl
7fa5bc00b000-7fa5bc00f000 rw-s 00000000 00:06 551                        /dev/nvidiactl
7fa5bc00f000-7fa5bc010000 rw-s 00000000 00:06 552                        /dev/nvidia0
7fa5bc010000-7fa5bc011000 rw-s 00000000 00:06 552                        /dev/nvidia0
7fa5bc031000-7fa5bc038000 r--s 00000000 08:01 5245767                    /usr/lib/x86_64-linux-gnu/gconv/gconv-modules.cache
7fa5bc038000-7fa5bc1b9000 rw-p 00000000 00:00 0 
7fa5bc1b9000-7fa5bc910000 ---p 00000000 00:00 0 
7fa5bc910000-7fa5bc98e000 rw-p 00000000 00:00 0 
7fa5bc98e000-7fa5bd0e5000 ---p 00000000 00:00 0 
7fa5bd0e5000-7fa5bdaef000 rw-p 00000000 00:00 0 
7fa5bdaef000-7fa5bdaf0000 ---p 00000000 00:00 0 
7fa5bdaf0000-7fa5bdbf6000 rw-p 00000000 00:00 0 
7fa5bdbf6000-7fa5bdcdc000 ---p 00000000 00:00 0 
7fa5bdcdc000-7fa5bdce1000 rw-p 00000000 00:00 0 
7fa5bdce1000-7fa5bddc7000 ---p 00000000 00:00 0 
7fa5bddc7000-7fa5bddcc000 r-xp 00000000 08:01 4984934                    /usr/lib/jvm/java-11-openjdk-amd64/lib/libjimage.so
7fa5bddcc000-7fa5bdfcb000 ---p 00005000 08:01 4984934                    /usr/lib/jvm/java-11-openjdk-amd64/lib/libjimage.so
7fa5bdfcb000-7fa5bdfcc000 r--p 00004000 08:01 4984934                    /usr/lib/jvm/java-11-openjdk-amd64/lib/libjimage.so
7fa5bdfcc000-7fa5bdfcd000 rw-p 00005000 08:01 4984934                    /usr/lib/jvm/java-11-openjdk-amd64/lib/libjimage.so
7fa5bdfcd000-7fa5bdfd4000 r-xp 00000000 08:01 4984951                    /usr/lib/jvm/java-11-openjdk-amd64/lib/libzip.so
7fa5bdfd4000-7fa5be1d3000 ---p 00007000 08:01 4984951                    /usr/lib/jvm/java-11-openjdk-amd64/lib/libzip.so
7fa5be1d3000-7fa5be1d4000 r--p 00006000 08:01 4984951                    /usr/lib/jvm/java-11-openjdk-amd64/lib/libzip.so
7fa5be1d4000-7fa5be1d5000 rw-p 00007000 08:01 4984951                    /usr/lib/jvm/java-11-openjdk-amd64/lib/libzip.so
7fa5be1d5000-7fa5be1e0000 r-xp 00000000 08:01 9835559                    /lib/x86_64-linux-gnu/libnss_files-2.27.so
7fa5be1e0000-7fa5be3df000 ---p 0000b000 08:01 9835559                    /lib/x86_64-linux-gnu/libnss_files-2.27.so
7fa5be3df000-7fa5be3e0000 r--p 0000a000 08:01 9835559                    /lib/x86_64-linux-gnu/libnss_files-2.27.so
7fa5be3e0000-7fa5be3e1000 rw-p 0000b000 08:01 9835559                    /lib/x86_64-linux-gnu/libnss_files-2.27.so
7fa5be3e1000-7fa5be3e7000 rw-p 00000000 00:00 0 
7fa5be3e7000-7fa5be3fe000 r-xp 00000000 08:01 9835553                    /lib/x86_64-linux-gnu/libnsl-2.27.so
7fa5be3fe000-7fa5be5fd000 ---p 00017000 08:01 9835553                    /lib/x86_64-linux-gnu/libnsl-2.27.so
7fa5be5fd000-7fa5be5fe000 r--p 00016000 08:01 9835553                    /lib/x86_64-linux-gnu/libnsl-2.27.so
7fa5be5fe000-7fa5be5ff000 rw-p 00017000 08:01 9835553                    /lib/x86_64-linux-gnu/libnsl-2.27.so
7fa5be5ff000-7fa5be601000 rw-p 00000000 00:00 0 
7fa5be601000-7fa5be60c000 r-xp 00000000 08:01 9835570                    /lib/x86_64-linux-gnu/libnss_nis-2.27.so
7fa5be60c000-7fa5be80b000 ---p 0000b000 08:01 9835570                    /lib/x86_64-linux-gnu/libnss_nis-2.27.so
7fa5be80b000-7fa5be80c000 r--p 0000a000 08:01 9835570                    /lib/x86_64-linux-gnu/libnss_nis-2.27.so
7fa5be80c000-7fa5be80d000 rw-p 0000b000 08:01 9835570                    /lib/x86_64-linux-gnu/libnss_nis-2.27.so
7fa5be80d000-7fa5be815000 r-xp 00000000 08:01 9835555                    /lib/x86_64-linux-gnu/libnss_compat-2.27.so
7fa5be815000-7fa5bea15000 ---p 00008000 08:01 9835555                    /lib/x86_64-linux-gnu/libnss_compat-2.27.so
7fa5bea15000-7fa5bea16000 r--p 00008000 08:01 9835555                    /lib/x86_64-linux-gnu/libnss_compat-2.27.so
7fa5bea16000-7fa5bea17000 rw-p 00009000 08:01 9835555                    /lib/x86_64-linux-gnu/libnss_compat-2.27.so
7fa5bea17000-7fa5bea21000 r-xp 00000000 08:01 4984925                    /usr/lib/jvm/java-11-openjdk-amd64/lib/libinstrument.so
7fa5bea21000-7fa5bec20000 ---p 0000a000 08:01 4984925                    /usr/lib/jvm/java-11-openjdk-amd64/lib/libinstrument.so
7fa5bec20000-7fa5bec21000 r--p 00009000 08:01 4984925                    /usr/lib/jvm/java-11-openjdk-amd64/lib/libinstrument.so
7fa5bec21000-7fa5bec22000 rw-p 0000a000 08:01 4984925                    /usr/lib/jvm/java-11-openjdk-amd64/lib/libinstrument.so
7fa5bec22000-7fa5bec4b000 r-xp 00000000 08:01 4984930                    /usr/lib/jvm/java-11-openjdk-amd64/lib/libjava.so
7fa5bec4b000-7fa5bee4a000 ---p 00029000 08:01 4984930                    /usr/lib/jvm/java-11-openjdk-amd64/lib/libjava.so
7fa5bee4a000-7fa5bee4b000 r--p 00028000 08:01 4984930                    /usr/lib/jvm/java-11-openjdk-amd64/lib/libjava.so
7fa5bee4b000-7fa5bee4d000 rw-p 00029000 08:01 4984930                    /usr/lib/jvm/java-11-openjdk-amd64/lib/libjava.so
7fa5bee4d000-7fa5bee5a000 r-xp 00000000 08:01 4984950                    /usr/lib/jvm/java-11-openjdk-amd64/lib/libverify.so
7fa5bee5a000-7fa5bf059000 ---p 0000d000 08:01 4984950                    /usr/lib/jvm/java-11-openjdk-amd64/lib/libverify.so
7fa5bf059000-7fa5bf05b000 r--p 0000c000 08:01 4984950                    /usr/lib/jvm/java-11-openjdk-amd64/lib/libverify.so
7fa5bf05b000-7fa5bf05c000 rw-p 0000e000 08:01 4984950                    /usr/lib/jvm/java-11-openjdk-amd64/lib/libverify.so
7fa5bf05c000-7fa5bf063000 r-xp 00000000 08:01 9835610                    /lib/x86_64-linux-gnu/librt-2.27.so
7fa5bf063000-7fa5bf262000 ---p 00007000 08:01 9835610                    /lib/x86_64-linux-gnu/librt-2.27.so
7fa5bf262000-7fa5bf263000 r--p 00006000 08:01 9835610                    /lib/x86_64-linux-gnu/librt-2.27.so
7fa5bf263000-7fa5bf264000 rw-p 00007000 08:01 9835610                    /lib/x86_64-linux-gnu/librt-2.27.so
7fa5bf264000-7fa5bf27b000 r-xp 00000000 08:01 9835506                    /lib/x86_64-linux-gnu/libgcc_s.so.1
7fa5bf27b000-7fa5bf47a000 ---p 00017000 08:01 9835506                    /lib/x86_64-linux-gnu/libgcc_s.so.1
7fa5bf47a000-7fa5bf47b000 r--p 00016000 08:01 9835506                    /lib/x86_64-linux-gnu/libgcc_s.so.1
7fa5bf47b000-7fa5bf47c000 rw-p 00017000 08:01 9835506                    /lib/x86_64-linux-gnu/libgcc_s.so.1
7fa5bf47c000-7fa5bf619000 r-xp 00000000 08:01 9835532                    /lib/x86_64-linux-gnu/libm-2.27.so
7fa5bf619000-7fa5bf818000 ---p 0019d000 08:01 9835532                    /lib/x86_64-linux-gnu/libm-2.27.so
7fa5bf818000-7fa5bf819000 r--p 0019c000 08:01 9835532                    /lib/x86_64-linux-gnu/libm-2.27.so
7fa5bf819000-7fa5bf81a000 rw-p 0019d000 08:01 9835532                    /lib/x86_64-linux-gnu/libm-2.27.so
7fa5bf81a000-7fa5bf993000 r-xp 00000000 08:01 4989430                    /usr/lib/x86_64-linux-gnu/libstdc++.so.6.0.25
7fa5bf993000-7fa5bfb93000 ---p 00179000 08:01 4989430                    /usr/lib/x86_64-linux-gnu/libstdc++.so.6.0.25
7fa5bfb93000-7fa5bfb9d000 r--p 00179000 08:01 4989430                    /usr/lib/x86_64-linux-gnu/libstdc++.so.6.0.25
7fa5bfb9d000-7fa5bfb9f000 rw-p 00183000 08:01 4989430                    /usr/lib/x86_64-linux-gnu/libstdc++.so.6.0.25
7fa5bfb9f000-7fa5bfba3000 rw-p 00000000 00:00 0 
7fa5bfba3000-7fa5c0c6f000 r-xp 00000000 08:01 4984957                    /usr/lib/jvm/java-11-openjdk-amd64/lib/server/libjvm.so
7fa5c0c6f000-7fa5c0e6e000 ---p 010cc000 08:01 4984957                    /usr/lib/jvm/java-11-openjdk-amd64/lib/server/libjvm.so
7fa5c0e6e000-7fa5c0f2b000 r--p 010cb000 08:01 4984957                    /usr/lib/jvm/java-11-openjdk-amd64/lib/server/libjvm.so
7fa5c0f2b000-7fa5c0f64000 rw-p 01188000 08:01 4984957                    /usr/lib/jvm/java-11-openjdk-amd64/lib/server/libjvm.so
7fa5c0f64000-7fa5c0fba000 rw-p 00000000 00:00 0 
7fa5c0fba000-7fa5c0fd4000 r-xp 00000000 08:01 9835602                    /lib/x86_64-linux-gnu/libpthread-2.27.so
7fa5c0fd4000-7fa5c11d3000 ---p 0001a000 08:01 9835602                    /lib/x86_64-linux-gnu/libpthread-2.27.so
7fa5c11d3000-7fa5c11d4000 r--p 00019000 08:01 9835602                    /lib/x86_64-linux-gnu/libpthread-2.27.so
7fa5c11d4000-7fa5c11d5000 rw-p 0001a000 08:01 9835602                    /lib/x86_64-linux-gnu/libpthread-2.27.so
7fa5c11d5000-7fa5c11d9000 rw-p 00000000 00:00 0 
7fa5c11d9000-7fa5c11dc000 r-xp 00000000 08:01 9835492                    /lib/x86_64-linux-gnu/libdl-2.27.so
7fa5c11dc000-7fa5c13db000 ---p 00003000 08:01 9835492                    /lib/x86_64-linux-gnu/libdl-2.27.so
7fa5c13db000-7fa5c13dc000 r--p 00002000 08:01 9835492                    /lib/x86_64-linux-gnu/libdl-2.27.so
7fa5c13dc000-7fa5c13dd000 rw-p 00003000 08:01 9835492                    /lib/x86_64-linux-gnu/libdl-2.27.so
7fa5c13dd000-7fa5c13f9000 r-xp 00000000 08:01 9835641                    /lib/x86_64-linux-gnu/libz.so.1.2.11
7fa5c13f9000-7fa5c15f8000 ---p 0001c000 08:01 9835641                    /lib/x86_64-linux-gnu/libz.so.1.2.11
7fa5c15f8000-7fa5c15f9000 r--p 0001b000 08:01 9835641                    /lib/x86_64-linux-gnu/libz.so.1.2.11
7fa5c15f9000-7fa5c15fa000 rw-p 0001c000 08:01 9835641                    /lib/x86_64-linux-gnu/libz.so.1.2.11
7fa5c15fa000-7fa5c17e1000 r-xp 00000000 08:01 9835469                    /lib/x86_64-linux-gnu/libc-2.27.so
7fa5c17e1000-7fa5c19e1000 ---p 001e7000 08:01 9835469                    /lib/x86_64-linux-gnu/libc-2.27.so
7fa5c19e1000-7fa5c19e5000 r--p 001e7000 08:01 9835469                    /lib/x86_64-linux-gnu/libc-2.27.so
7fa5c19e5000-7fa5c19e7000 rw-p 001eb000 08:01 9835469                    /lib/x86_64-linux-gnu/libc-2.27.so
7fa5c19e7000-7fa5c19eb000 rw-p 00000000 00:00 0 
7fa5c19eb000-7fa5c19fb000 r-xp 00000000 08:01 4984914                    /usr/lib/jvm/java-11-openjdk-amd64/lib/jli/libjli.so
7fa5c19fb000-7fa5c1bfa000 ---p 00010000 08:01 4984914                    /usr/lib/jvm/java-11-openjdk-amd64/lib/jli/libjli.so
7fa5c1bfa000-7fa5c1bfb000 r--p 0000f000 08:01 4984914                    /usr/lib/jvm/java-11-openjdk-amd64/lib/jli/libjli.so
7fa5c1bfb000-7fa5c1bfc000 rw-p 00010000 08:01 4984914                    /usr/lib/jvm/java-11-openjdk-amd64/lib/jli/libjli.so
7fa5c1bfc000-7fa5c1c23000 r-xp 00000000 08:01 9835441                    /lib/x86_64-linux-gnu/ld-2.27.so
7fa5c1c23000-7fa5c1c24000 rw-s 00000000 00:06 552                        /dev/nvidia0
7fa5c1c24000-7fa5c1c25000 rw-s 00000000 00:06 551                        /dev/nvidiactl
7fa5c1c25000-7fa5c1d01000 rw-p 00000000 00:00 0 
7fa5c1d01000-7fa5c1d05000 ---p 00000000 00:00 0 
7fa5c1d05000-7fa5c1e04000 rw-p 00000000 00:00 0 
7fa5c1e04000-7fa5c1e05000 rw-s 00000000 00:06 551                        /dev/nvidiactl
7fa5c1e05000-7fa5c1e09000 r-xp 00000000 00:00 0 
7fa5c1e09000-7fa5c1e0e000 rw-p 00000000 00:00 0 
7fa5c1e0e000-7fa5c1e15000 ---p 00000000 00:00 0 
7fa5c1e15000-7fa5c1e17000 r--s 00007000 08:01 5379073                    /usr/share/java/java-atk-wrapper.jar
7fa5c1e17000-7fa5c1e1f000 rw-s 00000000 08:01 6034299                    /tmp/hsperfdata_leo/23087
7fa5c1e1f000-7fa5c1e20000 ---p 00000000 00:00 0 
7fa5c1e20000-7fa5c1e21000 r--p 00000000 00:00 0 
7fa5c1e21000-7fa5c1e23000 rw-p 00000000 00:00 0 
7fa5c1e23000-7fa5c1e24000 r--p 00027000 08:01 9835441                    /lib/x86_64-linux-gnu/ld-2.27.so
7fa5c1e24000-7fa5c1e25000 rw-p 00028000 08:01 9835441                    /lib/x86_64-linux-gnu/ld-2.27.so
7fa5c1e25000-7fa5c1e26000 rw-p 00000000 00:00 0 
7ffebb67a000-7ffebb69c000 rw-p 00000000 00:00 0                          [stack]
7ffebb7d2000-7ffebb7d5000 r--p 00000000 00:00 0                          [vvar]
7ffebb7d5000-7ffebb7d6000 r-xp 00000000 00:00 0                          [vdso]
ffffffffff600000-ffffffffff601000 r-xp 00000000 00:00 0                  [vsyscall]


VM Arguments:
jvm_args: -javaagent:/snap/intellij-idea-community/192/lib/idea_rt.jar=39153:/snap/intellij-idea-community/192/bin -Dfile.encoding=UTF-8 
java_command: posidon.uranium.main.Launcher
java_class_path (initial): /media/leo/posidon/uranium/out/production/uranium:/media/leo/posidon/uranium/lib/lwjgl-3.2.3/lwjgl.jar:/media/leo/posidon/uranium/lib/lwjgl-3.2.3/lwjgl-stb.jar:/media/leo/posidon/uranium/lib/lwjgl-3.2.3/lwjgl-glfw.jar:/media/leo/posidon/uranium/lib/lwjgl-3.2.3/lwjgl-assimp.jar:/media/leo/posidon/uranium/lib/lwjgl-3.2.3/lwjgl-openal.jar:/media/leo/posidon/uranium/lib/lwjgl-3.2.3/lwjgl-opengl.jar:/media/leo/posidon/uranium/lib/lwjgl-3.2.3/lwjgl-javadoc.jar:/media/leo/posidon/uranium/lib/lwjgl-3.2.3/lwjgl-stb-javadoc.jar:/media/leo/posidon/uranium/lib/lwjgl-3.2.3/lwjgl-glfw-javadoc.jar:/media/leo/posidon/uranium/lib/lwjgl-3.2.3/lwjgl-natives-linux.jar:/media/leo/posidon/uranium/lib/lwjgl-3.2.3/lwjgl-natives-macos.jar:/media/leo/posidon/uranium/lib/lwjgl-3.2.3/lwjgl-assimp-javadoc.jar:/media/leo/posidon/uranium/lib/lwjgl-3.2.3/lwjgl-openal-javadoc.jar:/media/leo/posidon/uranium/lib/lwjgl-3.2.3/lwjgl-opengl-javadoc.jar:/media/leo/posidon/uranium/lib/lwjgl-3.2.3/lwjgl-natives-windows.jar:/media/leo/posidon/uranium/lib/lwjgl-3.2.3/lwjgl-stb-natives-linux.jar:/media/leo/posidon/uranium/lib/lwjgl-3.2.3/lwjgl-stb-natives-macos.jar:/media/leo/posidon/uranium/lib/lwjgl-3.2.3/lwjgl-glfw-natives-linux.jar:/media/leo/posidon/uranium/lib/lwjgl-3.2.3/lwjgl-glfw-natives-macos.jar:/media/leo/posidon/uranium/lib/lwjgl-3.2.3/lwjgl-natives-linux-arm64.jar:/media/leo/posidon/uranium/lib/lwjgl-3.2.3/lwjgl-stb-natives-windows.jar:/media/leo/posidon/uranium/lib/lwjgl-3.2.3/lwjgl-assimp-natives-linux.jar:/media/leo/posidon/uranium/lib/lwjgl-3.2.3/lwjgl-assimp-natives-macos.jar:/media/leo/posidon/uranium/lib/lwjgl-3.2.3/lwjgl-glfw-natives-windows.jar:/media/leo/posidon/uranium/lib/lwjgl-3.2.3/lwjgl-openal-natives-linux.jar:/media/leo/posidon/uranium/lib/lwjgl-3.2.3/lwjgl-openal-natives-macos.jar:/media/leo/posidon/uranium/lib/lwjgl-3.2.3/lwjgl-opengl-natives-linux.jar:/media/leo/posidon/uranium/lib/lwjgl-3.2.3/lwjgl-opengl-natives-macos.jar:/media/leo/posidon/urani
Launcher Type: SUN_STANDARD

[Global flags]
     intx CICompilerCount                          = 4                                         {product} {ergonomic}
     uint ConcGCThreads                            = 3                                         {product} {ergonomic}
     uint G1ConcRefinementThreads                  = 10                                        {product} {ergonomic}
   size_t G1HeapRegionSize                         = 1048576                                   {product} {ergonomic}
    uintx GCDrainStackTargetSize                   = 64                                        {product} {ergonomic}
   size_t InitialHeapSize                          = 264241152                                 {product} {ergonomic}
   size_t MarkStackSize                            = 4194304                                   {product} {ergonomic}
   size_t MaxHeapSize                              = 4204789760                                {product} {ergonomic}
   size_t MaxNewSize                               = 2522873856                                {product} {ergonomic}
   size_t MinHeapDeltaBytes                        = 1048576                                   {product} {ergonomic}
    uintx NonNMethodCodeHeapSize                   = 5835340                                {pd product} {ergonomic}
    uintx NonProfiledCodeHeapSize                  = 122911450                              {pd product} {ergonomic}
    uintx ProfiledCodeHeapSize                     = 122911450                              {pd product} {ergonomic}
    uintx ReservedCodeCacheSize                    = 251658240                              {pd product} {ergonomic}
     bool SegmentedCodeCache                       = true                                      {product} {ergonomic}
     bool UseCompressedClassPointers               = true                                 {lp64_product} {ergonomic}
     bool UseCompressedOops                        = true                                 {lp64_product} {ergonomic}
     bool UseG1GC                                  = true                                      {product} {ergonomic}

Logging:
Log output configuration:
 #0: stdout all=warning uptime,level,tags
 #1: stderr all=off uptime,level,tags

Environment Variables:
PATH=/home/leo/.cargo/bin:/home/leo/bin:/usr/local/sbin:/usr/local/bin:/usr/sbin:/usr/bin:/sbin:/bin:/usr/games:/usr/local/games:/snap/bin
USERNAME=leo
SHELL=/bin/bash
DISPLAY=:1

Signal Handlers:
SIGSEGV: [libjvm.so+0xde5f50], sa_mask[0]=11111111011111111101111111111110, sa_flags=SA_RESTART|SA_SIGINFO
SIGBUS: [libjvm.so+0xde5f50], sa_mask[0]=11111111011111111101111111111110, sa_flags=SA_RESTART|SA_SIGINFO
SIGFPE: [libjvm.so+0xde5f50], sa_mask[0]=11111111011111111101111111111110, sa_flags=SA_RESTART|SA_SIGINFO
SIGPIPE: [libjvm.so+0xbba5b0], sa_mask[0]=11111111011111111101111111111110, sa_flags=SA_RESTART|SA_SIGINFO
SIGXFSZ: [libjvm.so+0xbba5b0], sa_mask[0]=11111111011111111101111111111110, sa_flags=SA_RESTART|SA_SIGINFO
SIGILL: [libjvm.so+0xde5f50], sa_mask[0]=11111111011111111101111111111110, sa_flags=SA_RESTART|SA_SIGINFO
SIGUSR2: [libjvm.so+0xbba450], sa_mask[0]=00100000000000000000000000000000, sa_flags=SA_RESTART|SA_SIGINFO
SIGHUP: [libjvm.so+0xbba7b0], sa_mask[0]=11111111011111111101111111111110, sa_flags=SA_RESTART|SA_SIGINFO
SIGINT: [libjvm.so+0xbba7b0], sa_mask[0]=11111111011111111101111111111110, sa_flags=SA_RESTART|SA_SIGINFO
SIGTERM: [libjvm.so+0xbba7b0], sa_mask[0]=11111111011111111101111111111110, sa_flags=SA_RESTART|SA_SIGINFO
SIGQUIT: [libjvm.so+0xbba7b0], sa_mask[0]=11111111011111111101111111111110, sa_flags=SA_RESTART|SA_SIGINFO


---------------  S Y S T E M  ---------------

OS:DISTRIB_ID=Ubuntu
DISTRIB_RELEASE=18.04
DISTRIB_CODENAME=bionic
DISTRIB_DESCRIPTION="Ubuntu 18.04.3 LTS"
uname:Linux 5.0.0-36-generic #39~18.04.1-Ubuntu SMP Tue Nov 12 11:09:50 UTC 2019 x86_64
libc:glibc 2.27 NPTL 2.27 
rlimit: STACK 8192k, CORE 0k, NPROC 63697, NOFILE 1048576, AS infinity, DATA infinity, FSIZE infinity
load average:0.30 0.50 0.93

/proc/meminfo:
MemTotal:       16420868 kB
MemFree:         7786888 kB
MemAvailable:   11850364 kB
Buffers:          450312 kB
Cached:          3832400 kB
SwapCached:            0 kB
Active:          5795720 kB
Inactive:        2213136 kB
Active(anon):    3728268 kB
Inactive(anon):    82836 kB
Active(file):    2067452 kB
Inactive(file):  2130300 kB
Unevictable:          32 kB
Mlocked:              32 kB
SwapTotal:       2097148 kB
SwapFree:        2097148 kB
Dirty:              2744 kB
Writeback:             0 kB
AnonPages:       3726456 kB
Mapped:           597208 kB
Shmem:             84968 kB
KReclaimable:     201816 kB
Slab:             317308 kB
SReclaimable:     201816 kB
SUnreclaim:       115492 kB
KernelStack:       20064 kB
PageTables:        59392 kB
NFS_Unstable:          0 kB
Bounce:                0 kB
WritebackTmp:          0 kB
CommitLimit:    10307580 kB
Committed_AS:   11319680 kB
VmallocTotal:   34359738367 kB
VmallocUsed:           0 kB
VmallocChunk:          0 kB
Percpu:             8512 kB
HardwareCorrupted:     0 kB
AnonHugePages:         0 kB
ShmemHugePages:        0 kB
ShmemPmdMapped:        0 kB
CmaTotal:              0 kB
CmaFree:               0 kB
HugePages_Total:       0
HugePages_Free:        0
HugePages_Rsvd:        0
HugePages_Surp:        0
Hugepagesize:       2048 kB
Hugetlb:               0 kB
DirectMap4k:      480696 kB
DirectMap2M:    10987520 kB
DirectMap1G:     6291456 kB


/proc/sys/kernel/threads-max (system-wide limit on the number of threads):
127395


/proc/sys/vm/max_map_count (maximum number of memory map areas a process may have):
65530


/proc/sys/kernel/pid_max (system-wide limit on number of process identifiers):
32768



container (cgroup) information:
container_type: cgroupv1
cpu_cpuset_cpus: 0-11
cpu_memory_nodes: 0
active_processor_count: 12
cpu_quota: -1
cpu_period: 100000
cpu_shares: -1
memory_limit_in_bytes: -1
memory_and_swap_limit_in_bytes: -2
memory_soft_limit_in_bytes: -1
memory_usage_in_bytes: 8200896512
memory_max_usage_in_bytes: 0

Steal ticks since vm start: 0
Steal ticks percentage since vm start:  0.000

CPU:total 12 (initial active 12) (12 cores per cpu, 2 threads per core) family 23 model 1 stepping 1, cmov, cx8, fxsr, mmx, sse, sse2, sse3, ssse3, sse4.1, sse4.2, popcnt, avx, avx2, aes, clmul, mmxext, 3dnowpref, lzcnt, sse4a, ht, tsc, tscinvbit, tscinv, bmi1, bmi2, adx, sha, fma
CPU Model and flags from /proc/cpuinfo:
model name	: AMD Ryzen 5 1600X Six-Core Processor
flags		: fpu vme de pse tsc msr pae mce cx8 apic sep mtrr pge mca cmov pat pse36 clflush mmx fxsr sse sse2 ht syscall nx mmxext fxsr_opt pdpe1gb rdtscp lm constant_tsc rep_good nopl nonstop_tsc cpuid extd_apicid aperfmperf pni pclmulqdq monitor ssse3 fma cx16 sse4_1 sse4_2 movbe popcnt aes xsave avx f16c rdrand lahf_lm cmp_legacy svm extapic cr8_legacy abm sse4a misalignsse 3dnowprefetch osvw skinit wdt tce topoext perfctr_core perfctr_nb bpext perfctr_llc mwaitx cpb hw_pstate sme ssbd sev vmmcall fsgsbase bmi1 avx2 smep bmi2 rdseed adx smap clflushopt sha_ni xsaveopt xsavec xgetbv1 xsaves clzero irperf xsaveerptr arat npt lbrv svm_lock nrip_save tsc_scale vmcb_clean flushbyasid decodeassists pausefilter pfthreshold avic v_vmsave_vmload vgif overflow_recov succor smca

Memory: 4k page, physical 16420868k(7786888k free), swap 2097148k(2097148k free)

vm_info: OpenJDK 64-Bit Server VM (11.0.4+11-post-Ubuntu-1ubuntu218.04.3) for linux-amd64 JRE (11.0.4+11-post-Ubuntu-1ubuntu218.04.3), built on Jul 18 2019 18:21:46 by "buildd" with gcc 7.4.0

END.
